[    0.000000] Initializing cgroup subsys cpuset
[    0.000000] Initializing cgroup subsys cpu
[    0.000000] Initializing cgroup subsys cpuacct
[    0.000000] Linux version 4.4.0-128-generic (buildd@lcy01-amd64-019) (gcc version 5.4.0 20160609 (Ubuntu 5.4.0-6ubuntu1~16.04.9) ) #154-Ubuntu SMP Fri May 25 14:15:18 UTC 2018 (Ubuntu 4.4.0-128.154-generic 4.4.131)
[    0.000000] Command line: BOOT_IMAGE=/boot/vmlinuz-4.4.0-128-generic root=LABEL=cloudimg-rootfs ro console=tty1 console=ttyS0
[    0.000000] KERNEL supported cpus:
[    0.000000]   Intel GenuineIntel
[    0.000000]   AMD AuthenticAMD
[    0.000000]   Centaur CentaurHauls
[    0.000000] ------------[ cut here ]------------
[    0.000000] WARNING: CPU: 0 PID: 0 at /build/linux-prqDW9/linux-4.4.0/arch/x86/kernel/fpu/xstate.c:517 fpu__init_system_xstate+0x38b/0x75a()
[    0.000000] XSAVE consistency problem, dumping leaves
[    0.000000] Modules linked in:
[    0.000000] CPU: 0 PID: 0 Comm: swapper Not tainted 4.4.0-128-generic #154-Ubuntu
[    0.000000]  0000000000000086 e14e2e64f2557ce3 ffffffff81e03d70 ffffffff81401473
[    0.000000]  ffffffff81e03db8 ffffffff81cacb08 ffffffff81e03da8 ffffffff81084432
[    0.000000]  ffffffff81e03e38 ffffffff81e03e3c 0000000000000008 0000000000000100
[    0.000000] Call Trace:
[    0.000000]  [<ffffffff81401473>] dump_stack+0x63/0x90
[    0.000000]  [<ffffffff81084432>] warn_slowpath_common+0x82/0xc0
[    0.000000]  [<ffffffff810844cc>] warn_slowpath_fmt+0x5c/0x80
[    0.000000]  [<ffffffff8107ffeb>] ? xfeature_size+0x59/0x77
[    0.000000]  [<ffffffff81f732b1>] fpu__init_system_xstate+0x38b/0x75a
[    0.000000]  [<ffffffff81f63120>] ? early_idt_handler_array+0x120/0x120
[    0.000000]  [<ffffffff81f72c1c>] fpu__init_system+0x10b/0x243
[    0.000000]  [<ffffffff81f73e46>] early_cpu_init+0x1da/0x1e0
[    0.000000]  [<ffffffff81f73e46>] ? early_cpu_init+0x1da/0x1e0
[    0.000000]  [<ffffffff81f6f1a6>] setup_arch+0xb4/0xd13
[    0.000000]  [<ffffffff81f63120>] ? early_idt_handler_array+0x120/0x120
[    0.000000]  [<ffffffff81f63c75>] start_kernel+0xe2/0x4a4
[    0.000000]  [<ffffffff81f63120>] ? early_idt_handler_array+0x120/0x120
[    0.000000]  [<ffffffff81f63339>] x86_64_start_reservations+0x2a/0x2c
[    0.000000]  [<ffffffff81f63485>] x86_64_start_kernel+0x14a/0x16d
[    0.000000] ---[ end trace 4d5ff9f2f68c4233 ]---
[    0.000000] CPUID[0d, 00]: eax=00000007 ebx=00000440 ecx=00000440 edx=00000000
[    0.000000] CPUID[0d, 01]: eax=00000000 ebx=00000440 ecx=00000000 edx=00000000
[    0.000000] CPUID[0d, 02]: eax=00000100 ebx=00000240 ecx=00000000 edx=00000000
[    0.000000] CPUID[0d, 03]: eax=00000000 ebx=00000000 ecx=00000000 edx=00000000
[    0.000000] CPUID[0d, 04]: eax=00000000 ebx=00000000 ecx=00000000 edx=00000000
[    0.000000] CPUID[0d, 05]: eax=00000000 ebx=00000000 ecx=00000000 edx=00000000
[    0.000000] CPUID[0d, 06]: eax=00000000 ebx=00000000 ecx=00000000 edx=00000000
[    0.000000] CPUID[0d, 07]: eax=00000000 ebx=00000000 ecx=00000000 edx=00000000
[    0.000000] CPUID[0d, 08]: eax=00000000 ebx=00000000 ecx=00000000 edx=00000000
[    0.000000] CPUID[0d, 09]: eax=00000000 ebx=00000000 ecx=00000000 edx=00000000
[    0.000000] CPUID[0d, 0a]: eax=00000000 ebx=00000000 ecx=00000000 edx=00000000
[    0.000000] CPUID[0d, 0b]: eax=00000000 ebx=00000000 ecx=00000000 edx=00000000
[    0.000000] CPUID[0d, 0c]: eax=00000000 ebx=00000000 ecx=00000000 edx=00000000
[    0.000000] CPUID[0d, 0d]: eax=00000000 ebx=00000000 ecx=00000000 edx=00000000
[    0.000000] CPUID[0d, 0e]: eax=00000000 ebx=00000000 ecx=00000000 edx=00000000
[    0.000000] CPUID[0d, 0f]: eax=00000000 ebx=00000000 ecx=00000000 edx=00000000
[    0.000000] CPUID[0d, 10]: eax=00000000 ebx=00000000 ecx=00000000 edx=00000000
[    0.000000] CPUID[0d, 11]: eax=00000000 ebx=00000000 ecx=00000000 edx=00000000
[    0.000000] x86/fpu: xstate_offset[2]:  576, xstate_sizes[2]:  256
[    0.000000] x86/fpu: Supporting XSAVE feature 0x01: 'x87 floating point registers'
[    0.000000] x86/fpu: Supporting XSAVE feature 0x02: 'SSE registers'
[    0.000000] x86/fpu: Supporting XSAVE feature 0x04: 'AVX registers'
[    0.000000] x86/fpu: Enabled xstate features 0x7, context size is 1088 bytes, using 'standard' format.
[    0.000000] x86/fpu: Using 'lazy' FPU context switches.
[    0.000000] e820: BIOS-provided physical RAM map:
[    0.000000] BIOS-e820: [mem 0x0000000000000000-0x000000000009fbff] usable
[    0.000000] BIOS-e820: [mem 0x000000000009fc00-0x000000000009ffff] reserved
[    0.000000] BIOS-e820: [mem 0x00000000000f0000-0x00000000000fffff] reserved
[    0.000000] BIOS-e820: [mem 0x0000000000100000-0x000000003ffeffff] usable
[    0.000000] BIOS-e820: [mem 0x000000003fff0000-0x000000003fffffff] ACPI data
[    0.000000] BIOS-e820: [mem 0x00000000fec00000-0x00000000fec00fff] reserved
[    0.000000] BIOS-e820: [mem 0x00000000fee00000-0x00000000fee00fff] reserved
[    0.000000] BIOS-e820: [mem 0x00000000fffc0000-0x00000000ffffffff] reserved
[    0.000000] NX (Execute Disable) protection: active
[    0.000000] SMBIOS 2.5 present.
[    0.000000] Hypervisor detected: KVM
[    0.000000] e820: last_pfn = 0x3fff0 max_arch_pfn = 0x400000000
[    0.000000] MTRR: Disabled
[    0.000000] x86/PAT: MTRRs disabled, skipping PAT initialization too.
[    0.000000] CPU MTRRs all blank - virtualized system.
[    0.000000] x86/PAT: Configuration [0-7]: WB  WT  UC- UC  WB  WT  UC- UC  
[    0.000000] found SMP MP-table at [mem 0x0009fff0-0x0009ffff] mapped at [ffff88000009fff0]
[    0.000000] Scanning 1 areas for low memory corruption
[    0.000000] RAMDISK: [mem 0x36aa4000-0x37549fff]
[    0.000000] ACPI: Early table checksum verification disabled
[    0.000000] ACPI: RSDP 0x00000000000E0000 000024 (v02 VBOX  )
[    0.000000] ACPI: XSDT 0x000000003FFF0030 00003C (v01 VBOX   VBOXXSDT 00000001 ASL  00000061)
[    0.000000] ACPI: FACP 0x000000003FFF00F0 0000F4 (v04 VBOX   VBOXFACP 00000001 ASL  00000061)
[    0.000000] ACPI: DSDT 0x000000003FFF0470 0021FF (v02 VBOX   VBOXBIOS 00000002 INTL 20100528)
[    0.000000] ACPI: FACS 0x000000003FFF0200 000040
[    0.000000] ACPI: FACS 0x000000003FFF0200 000040
[    0.000000] ACPI: APIC 0x000000003FFF0240 00005C (v02 VBOX   VBOXAPIC 00000001 ASL  00000061)
[    0.000000] ACPI: SSDT 0x000000003FFF02A0 0001CC (v01 VBOX   VBOXCPUT 00000002 INTL 20100528)
[    0.000000] No NUMA configuration found
[    0.000000] Faking a node at [mem 0x0000000000000000-0x000000003ffeffff]
[    0.000000] NODE_DATA(0) allocated [mem 0x3ffeb000-0x3ffeffff]
[    0.000000] kvm-clock: Using msrs 4b564d01 and 4b564d00
[    0.000000] kvm-clock: cpu 0, msr 0:3ffe3001, primary cpu clock
[    0.000000] kvm-clock: using sched offset of 3459629590 cycles
[    0.000000] clocksource: kvm-clock: mask: 0xffffffffffffffff max_cycles: 0x1cd42e4dffb, max_idle_ns: 881590591483 ns
[    0.000000] Zone ranges:
[    0.000000]   DMA      [mem 0x0000000000001000-0x0000000000ffffff]
[    0.000000]   DMA32    [mem 0x0000000001000000-0x000000003ffeffff]
[    0.000000]   Normal   empty
[    0.000000]   Device   empty
[    0.000000] Movable zone start for each node
[    0.000000] Early memory node ranges
[    0.000000]   node   0: [mem 0x0000000000001000-0x000000000009efff]
[    0.000000]   node   0: [mem 0x0000000000100000-0x000000003ffeffff]
[    0.000000] Initmem setup node 0 [mem 0x0000000000001000-0x000000003ffeffff]
[    0.000000] ACPI: PM-Timer IO Port: 0x4008
[    0.000000] IOAPIC[0]: apic_id 2, version 32, address 0xfec00000, GSI 0-23
[    0.000000] ACPI: INT_SRC_OVR (bus 0 bus_irq 0 global_irq 2 dfl dfl)
[    0.000000] ACPI: INT_SRC_OVR (bus 0 bus_irq 9 global_irq 9 high level)
[    0.000000] Using ACPI (MADT) for SMP configuration information
[    0.000000] smpboot: Allowing 2 CPUs, 0 hotplug CPUs
[    0.000000] PM: Registered nosave memory: [mem 0x00000000-0x00000fff]
[    0.000000] PM: Registered nosave memory: [mem 0x0009f000-0x0009ffff]
[    0.000000] PM: Registered nosave memory: [mem 0x000a0000-0x000effff]
[    0.000000] PM: Registered nosave memory: [mem 0x000f0000-0x000fffff]
[    0.000000] e820: [mem 0x40000000-0xfebfffff] available for PCI devices
[    0.000000] Booting paravirtualized kernel on KVM
[    0.000000] clocksource: refined-jiffies: mask: 0xffffffff max_cycles: 0xffffffff, max_idle_ns: 7645519600211568 ns
[    0.000000] setup_percpu: NR_CPUS:512 nr_cpumask_bits:512 nr_cpu_ids:2 nr_node_ids:1
[    0.000000] PERCPU: Embedded 34 pages/cpu @ffff88003fc00000 s99544 r8192 d31528 u1048576
[    0.000000] PV qspinlock hash table entries: 256 (order: 0, 4096 bytes)
[    0.000000] Built 1 zonelists in Node order, mobility grouping on.  Total pages: 257912
[    0.000000] Policy zone: DMA32
[    0.000000] Kernel command line: BOOT_IMAGE=/boot/vmlinuz-4.4.0-128-generic root=LABEL=cloudimg-rootfs ro console=tty1 console=ttyS0
[    0.000000] PID hash table entries: 4096 (order: 3, 32768 bytes)
[    0.000000] Memory: 1001616K/1048120K available (8541K kernel code, 1313K rwdata, 4000K rodata, 1512K init, 1316K bss, 46504K reserved, 0K cma-reserved)
[    0.000000] SLUB: HWalign=64, Order=0-3, MinObjects=0, CPUs=2, Nodes=1
[    0.000000] Kernel/User page tables isolation: enabled
[    0.000000] Hierarchical RCU implementation.
[    0.000000] 	Build-time adjustment of leaf fanout to 64.
[    0.000000] 	RCU restricting CPUs from NR_CPUS=512 to nr_cpu_ids=2.
[    0.000000] RCU: Adjusting geometry for rcu_fanout_leaf=64, nr_cpu_ids=2
[    0.000000] NR_IRQS:33024 nr_irqs:440 16
[    0.000000] Console: colour VGA+ 80x25
[    0.000000] console [tty1] enabled
[    0.000000] console [ttyS0] enabled
[    0.000000] tsc: Detected 2591.998 MHz processor
[   15.353022] Calibrating delay loop (skipped) preset value.. 5183.99 BogoMIPS (lpj=10367992)
[   15.477213] pid_max: default: 32768 minimum: 301
[   15.544208] ACPI: Core revision 20150930
[   15.601400] ACPI: 2 ACPI AML tables successfully acquired and loaded
[   15.694680] Security Framework initialized
[   15.754363] Yama: becoming mindful.
[   15.802875] AppArmor: AppArmor initialized
[   15.862551] Dentry cache hash table entries: 131072 (order: 8, 1048576 bytes)
[   15.999425] Inode-cache hash table entries: 65536 (order: 7, 524288 bytes)
[   16.114416] Mount-cache hash table entries: 2048 (order: 2, 16384 bytes)
[   16.203616] Mountpoint-cache hash table entries: 2048 (order: 2, 16384 bytes)
[   16.319786] Initializing cgroup subsys io
[   16.365136] Initializing cgroup subsys memory
[   16.428468] Initializing cgroup subsys devices
[   16.510458] Initializing cgroup subsys freezer
[   16.569187] Initializing cgroup subsys net_cls
[   16.633495] Initializing cgroup subsys perf_event
[   16.702849] Initializing cgroup subsys net_prio
[   16.750698] Initializing cgroup subsys hugetlb
[   16.820362] Initializing cgroup subsys pids
[   16.891500] CPU: Physical Processor ID: 0
[   16.954571] CPU: Processor Core ID: 0
[   17.024135] mce: CPU supports 0 MCE banks
[   17.095179] Last level iTLB entries: 4KB 64, 2MB 8, 4MB 8
[   17.173241] Last level dTLB entries: 4KB 64, 2MB 0, 4MB 0, 1GB 4
[   17.267067] Spectre V2 : Mitigation: Full generic retpoline
[   17.374623] Spectre V2 : Speculation control IBPB not-supported IBRS not-supported
[   17.473690] Spectre V2 : Filling RSB on context switch
[   17.485086] Speculative Store Bypass: Vulnerable
[   17.558094] Freeing SMP alternatives memory: 32K
[   17.644337] ftrace: allocating 32236 entries in 126 pages
[   17.815764] smpboot: APIC(0) Converting physical 0 to logical package 0
[   17.921402] smpboot: Max logical packages: 1
[   17.964556] x2apic enabled
[   17.968030] Switched APIC routing to physical x2apic.
[   18.036862] ..TIMER: vector=0x30 apic1=0 pin1=2 apic2=-1 pin2=-1
[   18.229633] smpboot: CPU0: Intel(R) Core(TM) i7-6700HQ CPU @ 2.60GHz (family: 0x6, model: 0x5e, stepping: 0x3)
[   18.393021] Performance Events: unsupported p6 CPU model 94 no PMU driver, software events only.
[   18.527412] KVM setup paravirtual spinlock
[   18.589342] x86: Booting SMP configuration:
[   18.644977] .... node  #0, CPUs:      #1
[   18.702290] kvm-clock: cpu 1, msr 0:3ffe3041, secondary cpu clock
[   18.754132] mce: CPU supports 0 MCE banks
[   18.781182] x86: Booted up 1 node, 2 CPUs
[   18.847397] smpboot: Total of 2 processors activated (10367.99 BogoMIPS)
[   18.968042] devtmpfs: initialized
[   19.023323] evm: security.selinux
[   19.085341] evm: security.SMACK64
[   19.148638] evm: security.SMACK64EXEC
[   19.207201] evm: security.SMACK64TRANSMUTE
[   19.298764] evm: security.SMACK64MMAP
[   19.367921] evm: security.ima
[   19.445222] evm: security.capability
[   19.511938] clocksource: jiffies: mask: 0xffffffff max_cycles: 0xffffffff, max_idle_ns: 7645041785100000 ns
[   19.665721] futex hash table entries: 512 (order: 3, 32768 bytes)
[   19.740507] pinctrl core: initialized pinctrl subsystem
[   19.803649] RTC time:  6:55:01, date: 06/29/18
[   19.876849] NET: Registered protocol family 16
[   19.963885] cpuidle: using governor ladder
[   20.043899] cpuidle: using governor menu
[   20.121555] PCCT header not found.
[   20.158755] ACPI: bus type PCI registered
[   20.212153] acpiphp: ACPI Hot Plug PCI Controller Driver version: 0.5
[   20.291864] PCI: Using configuration type 1 for base access
[   20.408377] ACPI: Added _OSI(Module Device)
[   20.455458] ACPI: Added _OSI(Processor Device)
[   20.517582] ACPI: Added _OSI(3.0 _SCP Extensions)
[   20.581539] ACPI: Added _OSI(Processor Aggregator Device)
[   20.642233] ACPI: Executed 1 blocks of module-level executable AML code
[   20.757652] ACPI: Interpreter enabled
[   20.829598] ACPI: (supports S0 S5)
[   20.867191] ACPI: Using IOAPIC for interrupt routing
[   20.954531] PCI: Using host bridge windows from ACPI; if necessary, use "pci=nocrs" and report a bug
[   21.061983] ACPI: PCI Root Bridge [PCI0] (domain 0000 [bus 00-ff])
[   21.143918] acpi PNP0A03:00: _OSC: OS supports [ASPM ClockPM Segments MSI]
[   21.243136] acpi PNP0A03:00: _OSC: not requesting OS control; OS requires [ExtendedConfig ASPM ClockPM MSI]
[   21.431313] acpi PNP0A03:00: fail to add MMCONFIG information, can't access extended PCI configuration space under this bridge.
[   21.635620] PCI host bridge to bus 0000:00
[   21.713693] pci_bus 0000:00: root bus resource [io  0x0000-0x0cf7 window]
[   21.823905] pci_bus 0000:00: root bus resource [io  0x0d00-0xffff window]
[   21.900083] pci_bus 0000:00: root bus resource [mem 0x000a0000-0x000bffff window]
[   21.989393] pci_bus 0000:00: root bus resource [mem 0x40000000-0xffdfffff window]
[   22.099694] pci_bus 0000:00: root bus resource [bus 00-ff]
[   22.181783] pci 0000:00:01.1: legacy IDE quirk: reg 0x10: [io  0x01f0-0x01f7]
[   22.295497] pci 0000:00:01.1: legacy IDE quirk: reg 0x14: [io  0x03f6]
[   22.364659] pci 0000:00:01.1: legacy IDE quirk: reg 0x18: [io  0x0170-0x0177]
[   22.481811] pci 0000:00:01.1: legacy IDE quirk: reg 0x1c: [io  0x0376]
[   22.544981] pci 0000:00:07.0: quirk: [io  0x4000-0x403f] claimed by PIIX4 ACPI
[   22.653232] pci 0000:00:07.0: quirk: [io  0x4100-0x410f] claimed by PIIX4 SMB
[   22.731012] ACPI: PCI Interrupt Link [LNKA] (IRQs 5 9 10 *11)
[   22.827596] ACPI: PCI Interrupt Link [LNKB] (IRQs 5 9 10 *11)
[   22.899524] ACPI: PCI Interrupt Link [LNKC] (IRQs 5 9 *10 11)
[   22.967988] ACPI: PCI Interrupt Link [LNKD] (IRQs 5 *9 10 11)
[   23.000198] ACPI: Enabled 2 GPEs in block 00 to 07
[   23.052172] vgaarb: setting as boot device: PCI:0000:00:02.0
[   23.164000] vgaarb: device added: PCI:0000:00:02.0,decodes=io+mem,owns=io+mem,locks=none
[   23.298405] vgaarb: loaded
[   23.315092] vgaarb: bridge control possible 0000:00:02.0
[   23.412349] SCSI subsystem initialized
[   23.475576] ACPI: bus type USB registered
[   23.499685] usbcore: registered new interface driver usbfs
[   23.557644] usbcore: registered new interface driver hub
[   23.644130] usbcore: registered new device driver usb
[   23.706497] PCI: Using ACPI for IRQ routing
[   23.727473] NetLabel: Initializing
[   23.763291] NetLabel:  domain hash size = 128
[   23.810087] NetLabel:  protocols = UNLABELED CIPSOv4
[   23.875845] NetLabel:  unlabeled traffic allowed by default
[   23.944887] amd_nb: Cannot enumerate AMD northbridges
[   24.011339] clocksource: Switched to clocksource kvm-clock
[   24.112146] AppArmor: AppArmor Filesystem Enabled
[   24.218785] pnp: PnP ACPI init
[   24.297426] pnp: PnP ACPI: found 3 devices
[   24.413240] clocksource: acpi_pm: mask: 0xffffff max_cycles: 0xffffff, max_idle_ns: 2085701024 ns
[   24.623809] NET: Registered protocol family 2
[   24.723314] TCP established hash table entries: 8192 (order: 4, 65536 bytes)
[   24.888792] TCP bind hash table entries: 8192 (order: 5, 131072 bytes)
[   24.941792] TCP: Hash tables configured (established 8192 bind 8192)
[   25.063305] UDP hash table entries: 512 (order: 2, 16384 bytes)
[   25.226258] UDP-Lite hash table entries: 512 (order: 2, 16384 bytes)
[   25.383648] NET: Registered protocol family 1
[   25.501494] pci 0000:00:00.0: Limiting direct PCI/PCI transfers
[   25.664529] pci 0000:00:01.0: Activating ISA DMA hang workarounds
[   25.807163] Unpacking initramfs...
[   29.254156] Freeing initrd memory: 10904K
[   29.292157] platform rtc_cmos: registered platform RTC device (no PNP device found)
[   29.323718] Scanning for low memory corruption every 60 seconds
[   29.332712] audit: initializing netlink subsys (disabled)
[   29.374199] audit: type=2000 audit(1530255292.314:1): initialized
[   29.416410] Initialise system trusted keyring
[   29.452574] HugeTLB registered 2 MB page size, pre-allocated 0 pages
[   29.523069] zbud: loaded
[   29.548361] VFS: Disk quotas dquot_6.6.0
[   29.590844] VFS: Dquot-cache hash table entries: 512 (order 0, 4096 bytes)
[   29.632782] squashfs: version 4.0 (2009/01/31) Phillip Lougher
[   29.643112] fuse init (API version 7.23)
[   29.685717] Key type big_key registered
[   29.720780] Allocating IMA MOK and blacklist keyrings.
[   29.782170] Key type asymmetric registered
[   29.817520] Asymmetric key parser 'x509' registered
[   29.839369] Block layer SCSI generic (bsg) driver version 0.4 loaded (major 249)
[   29.928352] io scheduler noop registered
[   29.962685] io scheduler deadline registered (default)
[   30.001867] io scheduler cfq registered
[   30.025559] pci_hotplug: PCI Hot Plug PCI Core version: 0.5
[   30.070176] pciehp: PCI Express Hot Plug Controller Driver version: 0.4
[   30.147569] ACPI: AC Adapter [AC] (on-line)
[   30.182495] input: Power Button as /devices/LNXSYSTM:00/LNXPWRBN:00/input/input0
[   30.237599] ACPI: Power Button [PWRF]
[   30.284795] input: Sleep Button as /devices/LNXSYSTM:00/LNXSLPBN:00/input/input1
[   30.351756] tsc: Refined TSC clocksource calibration: 2592.086 MHz
[   30.405030] clocksource: tsc: mask: 0xffffffffffffffff max_cycles: 0x255d07e9884, max_idle_ns: 440795266927 ns
[   30.405070] ACPI: Sleep Button [SLPF]
[   30.465279] GHES: HEST is not enabled!
[   30.492048] ACPI: Battery Slot [BAT0] (battery present)
[   30.492095] Serial: 8250/16550 driver, 32 ports, IRQ sharing enabled
[   30.542022] 00:02: ttyS0 at I/O 0x3f8 (irq = 4, base_baud = 115200) is a 16550A
[   30.575283] Linux agpgart interface v0.103
[   30.669198] loop: module loaded
[   30.669840] scsi host0: ata_piix
[   30.669906] scsi host1: ata_piix
[   30.669939] ata1: PATA max UDMA/33 cmd 0x1f0 ctl 0x3f6 bmdma 0xd000 irq 14
[   30.669940] ata2: PATA max UDMA/33 cmd 0x170 ctl 0x376 bmdma 0xd008 irq 15
[   30.670016] libphy: Fixed MDIO Bus: probed
[   30.670018] tun: Universal TUN/TAP device driver, 1.6
[   30.670018] tun: (C) 1999-2004 Max Krasnyansky <maxk@qualcomm.com>
[   30.670397] PPP generic driver version 2.4.2
[   30.670460] ehci_hcd: USB 2.0 'Enhanced' Host Controller (EHCI) Driver
[   30.670464] ehci-pci: EHCI PCI platform driver
[   30.670475] ehci-platform: EHCI generic platform driver
[   30.670487] ohci_hcd: USB 1.1 'Open' Host Controller (OHCI) Driver
[   30.670490] ohci-pci: OHCI PCI platform driver
[   30.670499] ohci-platform: OHCI generic platform driver
[   30.670510] uhci_hcd: USB Universal Host Controller Interface driver
[   30.670622] i8042: PNP: PS/2 Controller [PNP0303:PS2K,PNP0f03:PS2M] at 0x60,0x64 irq 1,12
[   30.671184] serio: i8042 KBD port at 0x60,0x64 irq 1
[   30.671190] serio: i8042 AUX port at 0x60,0x64 irq 12
[   30.671316] mousedev: PS/2 mouse device common for all mice
[   30.671668] input: AT Translated Set 2 keyboard as /devices/platform/i8042/serio0/input/input2
[   30.672092] rtc_cmos rtc_cmos: rtc core: registered rtc_cmos as rtc0
[   30.672216] rtc_cmos rtc_cmos: alarms up to one day, 114 bytes nvram
[   30.672225] i2c /dev entries driver
[   30.672284] device-mapper: uevent: version 1.0.3
[   30.672355] device-mapper: ioctl: 4.34.0-ioctl (2015-10-28) initialised: dm-devel@redhat.com
[   30.672374] ledtrig-cpu: registered to indicate activity on CPUs
[   30.673095] NET: Registered protocol family 10
[   30.673271] NET: Registered protocol family 17
[   30.673281] Key type dns_resolver registered
[   30.673539] registered taskstats version 1
[   30.673556] Loading compiled-in X.509 certificates
[   30.674213] Loaded X.509 cert 'Build time autogenerated kernel key: fc7b57a7df019f2655f66a8a374d74ee8f4999fc'
[   30.674238] zswap: loaded using pool lzo/zbud
[   30.676583] Key type trusted registered
[   30.680427] Key type encrypted registered
[   30.680434] AppArmor: AppArmor sha1 policy hashing enabled
[   30.680454] ima: No TPM chip found, activating TPM-bypass!
[   30.680479] evm: HMAC attrs: 0x1
[   30.680760]   Magic number: 6:704:924
[   30.695704] rtc_cmos rtc_cmos: setting system clock to 2018-06-29 06:55:12 UTC (1530255312)
[   30.695887] BIOS EDD facility v0.16 2004-Jun-25, 0 devices found
[   30.695887] EDD information not available.
[   32.171180] Freeing unused kernel memory: 1512K
[   32.291723] Write protecting the kernel read-only data: 14336k
[   32.439490] Freeing unused kernel memory: 1688K
[   32.483488] Freeing unused kernel memory: 96K
Loading, please wait...
[   32.597398] random: systemd-udevd: uninitialized urandom read (16 bytes read, 7 bits of entropy available)
starting version[   32.598541] random: udevadm: uninitialized urandom read (16 bytes read, 7 bits of entropy available)
 229
[   32.598585] random: udevadm: uninitialized urandom read (16 bytes read, 7 bits of entropy available)
[   32.617662] random: udevadm: uninitialized urandom read (16 bytes read, 7 bits of entropy available)
[   32.617712] random: udevadm: uninitialized urandom read (16 bytes read, 7 bits of entropy available)
[   32.617910] random: udevadm: uninitialized urandom read (16 bytes read, 7 bits of entropy available)
[   32.617988] random: udevadm: uninitialized urandom read (16 bytes read, 7 bits of entropy available)
[   32.618069] random: udevadm: uninitialized urandom read (16 bytes read, 7 bits of entropy available)
[   32.618146] random: udevadm: uninitialized urandom read (16 bytes read, 7 bits of entropy available)
[   32.618216] random: udevadm: uninitialized urandom read (16 bytes read, 7 bits of entropy available)
[   33.798326] e1000: Intel(R) PRO/1000 Network Driver - version 7.3.21-k8-NAPI
[   33.867523] e1000: Copyright (c) 1999-2006 Intel Corporation.
[   33.911520] Fusion MPT base driver 3.04.20
[   33.957397] Copyright (c) 1999-2008 LSI Corporation
[   34.043977] Fusion MPT SPI Host driver 3.04.20
[   34.093968] AVX version of gcm_enc/dec engaged.
[   34.123160] AES CTR mode by8 optimization enabled
[   34.220212] input: ImExPS/2 Generic Explorer Mouse as /devices/platform/i8042/serio1/input/input4
[   34.487739] e1000 0000:00:03.0 eth0: (PCI:33MHz:32-bit) 02:dd:f6:ca:b5:3d
[   34.546253] e1000 0000:00:03.0 eth0: Intel(R) PRO/1000 Network Connection
[   34.623633] mptbase: ioc0: Initiating bringup
[   34.624748] e1000 0000:00:03.0 enp0s3: renamed from eth0
[   34.828564] ioc0: LSI53C1030 A0: Capabilities={Initiator}
[   35.109110] scsi host2: ioc0: LSI53C1030 A0, FwRev=00000000h, Ports=1, MaxQ=256, IRQ=20
[   35.364807] scsi 2:0:0:0: Direct-Access     VBOX     HARDDISK         1.0  PQ: 0 ANSI: 5
[   35.429758] scsi target2:0:0: Beginning Domain Validation
[   35.460827] scsi target2:0:0: Domain Validation skipping write tests
[   35.505447] scsi target2:0:0: Ending Domain Validation
[   35.533686] scsi target2:0:0: asynchronous
[   35.557705] scsi 2:0:1:0: Direct-Access     VBOX     HARDDISK         1.0  PQ: 0 ANSI: 5
[   35.613187] scsi target2:0:1: Beginning Domain Validation
[   35.644145] scsi target2:0:1: Domain Validation skipping write tests
[   35.702857] scsi target2:0:1: Ending Domain Validation
[   35.740474] scsi target2:0:1: asynchronous
[   35.794987] sd 2:0:0:0: Attached scsi generic sg0 type 0
[   35.795351] sd 2:0:0:0: [sda] 20971520 512-byte logical blocks: (10.7 GB/10.0 GiB)
[   35.795539] sd 2:0:0:0: [sda] Write Protect is off
[   35.795645] sd 2:0:0:0: [sda] Incomplete mode parameter data
[   35.795647] sd 2:0:0:0: [sda] Assuming drive cache: write through
[   35.834364]  sda: sda1
[   35.835156] sd 2:0:0:0: [sda] Attached SCSI disk
[   36.041075] sd 2:0:1:0: Attached scsi generic sg1 type 0
[   36.041276] sd 2:0:1:0: [sdb] 20480 512-byte logical blocks: (10.5 MB/10.0 MiB)
[   36.041465] sd 2:0:1:0: [sdb] Write Protect is off
[   36.041577] sd 2:0:1:0: [sdb] Incomplete mode parameter data
[   36.041579] sd 2:0:1:0: [sdb] Assuming drive cache: write through
[   36.044333] sd 2:0:1:0: [sdb] Attached SCSI disk
Begin: Loading e[   37.918044] md: linear personality registered for level -1
ssential drivers[   38.008264] md: multipath personality registered for level -4
 ... [   38.094662] md: raid0 personality registered for level 0
[   38.151507] md: raid1 personality registered for level 1
[   38.307444] raid6: sse2x1   gen()  5286 MB/s
[   38.407351] raid6: sse2x1   xor()  3505 MB/s
[   38.515679] raid6: sse2x2   gen()  7718 MB/s
[   38.619667] raid6: sse2x2   xor()  4909 MB/s
[   38.736259] raid6: sse2x4   gen()  9487 MB/s
[   38.836068] raid6: sse2x4   xor()  5721 MB/s
[   38.876506] raid6: using algorithm sse2x4 gen() 9487 MB/s
[   38.938684] raid6: .... xor() 5721 MB/s, rmw enabled
[   38.975434] raid6: using ssse3x2 recovery algorithm
[   39.008426] xor: automatically using best checksumming function:
[   39.131508]    avx       : 15115.000 MB/sec
[   39.187169] async_tx: api initialized (async)
[   39.210049] md: raid6 personality registered for level 6
[   39.249586] md: raid5 personality registered for level 5
[   39.285197] md: raid4 personality registered for level 4
[   39.337805] md: raid10 personality registered for level 10
done.
Begin: Running /scripts/init-premount ... done.
Begin: Mounting[   39.442159] Btrfs loaded
 root file system ... Begin: Running /scripts/lo[   39.498267] EXT4-fs (sda1): INFO: recovery required on readonly filesystem
cal-top ... done[   39.575095] EXT4-fs (sda1): write access will be enabled during recovery
.
Begin: Running /scripts/local[   39.657365] EXT4-fs (sda1): orphan cleanup on readonly fs
-premount ... Sc[   39.731936] EXT4-fs (sda1): 1 orphan inode deleted
anning for Btrfs[   39.807069] EXT4-fs (sda1): recovery complete
 filesystems
do[   39.878295] EXT4-fs (sda1): mounted filesystem with ordered data mode. Opts: (null)
ne.
Warning: fsck not present, so skipping root file system
done.
Begin: Running /scripts/local-bottom ... done.
Begin: Running /scripts/init-bottom ... done.
[   40.174149] systemd[1]: systemd 229 running in system mode. (+PAM +AUDIT +SELINUX +IMA +APPARMOR +SMACK +SYSVINIT +UTMP +LIBCRYPTSETUP +GCRYPT +GNUTLS +ACL +XZ -LZ4 +SECCOMP +BLKID +ELFUTILS +KMOD -IDN)
[   40.389815] systemd[1]: Detected virtualization oracle.
[   40.417296] systemd[1]: Detected architecture x86-64.

Welcome to [1mUbuntu 16.04.4 LTS[0m!

[   40.538555] systemd[1]: Set hostname to <ubuntu-xenial>.
[   40.693142] random: nonblocking pool is initialized
[   40.851786] systemd[1]: Reached target Swap.
[[0;32m  OK  [0m] Reached target Swap.
[   40.948182] systemd[1]: Reached target System Time Synchronized.
[[0;32m  OK  [0m] Reached target System Time Synchronized.
[   41.164013] systemd[1]: Set up automount Arbitrary Executable File Formats File System Automount Point.
[[0;32m  OK  [0m] Set up automount Arbitrary Executab...ats File System Automount Point.
[   41.412047] systemd[1]: Listening on udev Kernel Socket.
[[0;32m  OK  [0m] Listening on udev Kernel Socket.
[   41.564423] systemd[1]: Created slice System Slice.
[[0;32m  OK  [0m] Created slice System Slice.
[   41.688517] systemd[1]: Created slice User and Session Slice.
[[0;32m  OK  [0m] Created slice User and Session Slice.
[   41.895935] systemd[1]: Listening on Device-mapper event daemon FIFOs.
[[0;32m  OK  [0m] Listening on Device-mapper event daemon FIFOs.
[   42.124298] systemd[1]: Listening on Journal Socket (/dev/log).
[[0;32m  OK  [0m] Listening on Journal Socket (/dev/log).
[   42.324376] systemd[1]: Started Trigger resolvconf update for networkd DNS.
[[0;32m  OK  [0m] Started Trigger resolvconf update for networkd DNS.
[   42.591865] systemd[1]: Listening on LVM2 poll daemon socket.
[[0;32m  OK  [0m] Listening on LVM2 poll daemon socket.
[   42.816402] systemd[1]: Started Forward Password Requests to Wall Directory Watch.
[[0;32m  OK  [0m] Started Forward Password Requests to Wall Directory Watch.
[   43.096414] systemd[1]: Listening on Journal Audit Socket.
[[0;32m  OK  [0m] Listening on Journal Audit Socket.
[   43.283892] systemd[1]: Listening on /dev/initctl Compatibility Named Pipe.
[[0;32m  OK  [0m] Listening on /dev/initctl Compatibility Named Pipe.
[   43.531694] systemd[1]: Listening on Syslog Socket.
[[0;32m  OK  [0m] Listening on Syslog Socket.
[   43.712652] systemd[1]: Created slice system-serial\x2dgetty.slice.
[[0;32m  OK  [0m] Created slice system-serial\x2dgetty.slice.
[   43.916146] systemd[1]: Listening on LVM2 metadata daemon socket.
[[0;32m  OK  [0m] Listening on LVM2 metadata daemon socket.
[   44.144478] systemd[1]: Reached target Slices.
[[0;32m  OK  [0m] Reached target Slices.
[   44.295884] systemd[1]: Listening on udev Control Socket.
[[0;32m  OK  [0m] Listening on udev Control Socket.
[   44.508673] systemd[1]: Reached target Encrypted Volumes.
[[0;32m  OK  [0m] Reached target Encrypted Volumes.
[   44.712541] systemd[1]: Reached target User and Group Name Lookups.
[[0;32m  OK  [0m] Reached target User and Group Name Lookups.
[   44.960636] systemd[1]: Listening on Journal Socket.
[[0;32m  OK  [0m] Listening on Journal Socket.
[   45.136001] systemd[1]: Starting Set console keymap...
         Starting Set console keymap...
[   45.275627] systemd[1]: Starting Load Kernel Modules...
         Starting Load Ke[   45.318798] Loading iSCSI transport class v2.0-870.
rnel Modules...[   45.383761] iscsi: registered transport (tcp)

[   45.459001] systemd[1]: Mounting Huge Pages File System...
         Mounting Huge Pages File System.[   45.551652] iscsi: registered transport (iser)
..
[   45.647539] systemd[1]: Mounting Debug File System...
         Mounting Debug File System...
[   45.764677] systemd[1]: Starting Remount Root and Kernel File Systems...
         [   45.865749] EXT4-fs (sda1): re-mounted. Opts: (null)
Starting Remount Root and Kernel File Systems...
[   45.999759] systemd[1]: Starting Nameserver information manager...
         Starting Nameserver information manager...
[   46.144253] systemd[1]: Mounting POSIX Message Queue File System...
         Mounting POSIX Message Queue File System...
[   46.304569] systemd[1]: Starting Create list of required static device nodes for the current kernel...
         Starting Create list of required st... nodes for the current kernel...
[   46.512317] systemd[1]: Starting Journal Service...
         Starting Journal Service...
[   46.592342] systemd[1]: Starting Monitoring of LVM2 mirrors, snapshots etc. using dmeventd or progress polling...
         Starting Monitoring of LVM2 mirrors... dmeventd or progress polling...
[   46.851827] systemd[1]: Starting Uncomplicated firewall...
         Starting Uncomplicated firewall...
[   46.961389] systemd[1]: Mounted POSIX Message Queue File System.
[[0;32m  OK  [0m] Mounted POSIX Message Queue File System.
[   47.103825] systemd[1]: Mounted Huge Pages File System.
[[0;32m  OK  [0m] Mounted Huge Pages File System.
[   47.300104] systemd[1]: Mounted Debug File System.
[[0;32m  OK  [0m] Mounted Debug File System.
[   47.480663] systemd[1]: Started Journal Service.
[[0;32m  OK  [0m] Started Journal Service.
[[0;32m  OK  [0m] Started Set console keymap.
[[0;32m  OK  [0m] Started Load Kernel Modules.
[[0;32m  OK  [0m] Started Remount Root and Kernel File Systems.
[[0;32m  OK  [0m] Started Create list of required sta...ce nodes for the current kernel.
[[0;32m  OK  [0m] Started Uncomplicated firewall.
[[0;32m  OK  [0m] Started Nameserver information manager.
[[0;32m  OK  [0m] Started LVM2 metadata daemon.
         Starting Create Static Device Nodes in /dev...
         Starting udev Coldplug all Devices...
         Starting Load/Save Random Seed...
         Starting Apply Kernel Variables...
         Mounting FUSE Control File System...
         Starting Flush Journal to Persistent Storage...
[[0;32m  OK  [0m] Mounted FUSE Control File System.
[[0;32m  OK  [0m] Started Monitoring of LVM2 mirrors,...ng dmeventd or progress polling.
[[0;32m  OK  [0m] Started Create Static Device Nodes in /dev.
[[0;32m  OK  [0m] Started Load/Save Random Seed.
[[0;32m  OK  [0m] Started Apply Kernel Variables.
[[0;32m  OK  [0m] Started udev Coldplug all Devices.
[[0;32m  OK  [0m] Started Flush Journal to Persistent Storage.
         Starting udev Kernel Device Manager...
[[0;32m  OK  [0m] Started udev Kernel Device Manager.
[[0;32m  OK  [0m] Started Dispatch Password Requests to Console Directory Watch.
[[0;32m  OK  [0m] Reached target Local File Systems (Pre).
[[0;32m  OK  [0m] Reached target Local File Systems.
         Starting Create Volatile Files and Directories...
         Starting Initial cloud-init job (pre-networking)...
         Starting Tell Plymouth To Write Out Runtime Data...
         Starting LSB: AppArmor initialization...
         Starting Set console font and keymap...
[[0;32m  OK  [0m] Started Create Volatile Files and Directories.
[[0;32m  OK  [0m] Started Tell Plymouth To Write Out Runtime Data.
[[0;32m  OK  [0m] Found device /dev/ttyS0.
[[0;32m  OK  [0m] Listening on Load/Save RF Kill Switch Status /dev/rfkill Watch.
         Starting Update UTMP about System Boot/Shutdown...
[   27.936551] cloud-init[529]: Cloud-init v. 18.2 running 'init-local' at Fri, 29 Jun 2018 06:55:32 +0000. Up 27.27 seconds.
[[0;32m  OK  [0m] Started LSB: AppArmor initialization.
[[0;32m  OK  [0m] Started Initial cloud-init job (pre-networking).
[[0;32m  OK  [0m] Started Set console font and keymap.
[[0;32m  OK  [0m] Started Update UTMP about System Boot/Shutdown.
[[0;32m  OK  [0m] Created slice system-getty.slice.
[[0;32m  OK  [0m] Reached target Network (Pre).
         Starting Raise network interfaces...
[[0;32m  OK  [0m] Started ifup for enp0s3.
[[0;32m  OK  [0m] Started Raise network interfaces.
         Starting Initial cloud-init job (metadata service crawler)...
[[0;32m  OK  [0m] Reached target Network.
[   30.177843] cloud-init[978]: Cloud-init v. 18.2 running 'init' at Fri, 29 Jun 2018 06:55:34 +0000. Up 29.61 seconds.
[   30.304582] cloud-init[978]: ci-info: +++++++++++++++++++++++++++++++++++++Net device info++++++++++++++++++++++++++++++++++++++
[   30.304900] cloud-init[978]: ci-info: +--------+------+----------------------------+---------------+-------+-------------------+
[[0;32m  OK  [0m] Started Initial cloud-init job (metadata service crawler).
[   30.305180] cloud-init[978]: ci-info: | Device |  Up  |          Address           |      Mask     | Scope |     Hw-Address    |
[   30.884489] cloud-init[978]: ci-info: +--------+------+----------------------------+---------------+-------+-------------------+
[   30.885092] cloud-init[978]: ci-info: | enp0s3 | True |         10.0.2.15          | 255.255.255.0 |   .   | 02:dd:f6:ca:b5:3d |
[[0;32m  OK  [0m] Reached target Network is Online.
[   30.885348] cloud-init[978]: ci-info: | enp0s3 | True | fe80::dd:f6ff:feca:b53d/64 |       .       |  link | 02:dd:f6:ca:b5:3d |
[   31.368414] cloud-init[978]: ci-info: |   lo   | True |         127.0.0.1          |   255.0.0.0   |   .   |         .         |
[   31.368862] cloud-init[978]: ci-info: |   lo   | True |          ::1/128           |       .       |  host |         .         |
         Starting iSCSI initiator daemon (iscsid)...
[   31.369027] cloud-init[978]: ci-info: +--------+------+----------------------------+---------------+-------+-------------------+
[   31.736963] cloud-init[978]: ci-info: +++++++++++++++++++++++++++Route IPv4 info++++++++++++++++++++++++++++
[[0;32m  OK  [0m] Reached target Cloud-config availability.
[   31.737250] cloud-init[978]: ci-info: +-------+-------------+----------+---------------+-----------+-------+
[   32.053083] cloud-init[978]: ci-info: | Route | Destination | Gateway  |    Genmask    | Interface | Flags |
[[0;32m  OK  [0m] Reached target System Initialization.
[   32.053285] cloud-init[978]: ci-info: +-------+-------------+----------+---------------+-----------+-------+
[   32.440246] cloud-init[978]: ci-info: |   0   |   0.0.0.0   | 10.0.2.2 |    0.0.0.0    |   enp0s3  |   UG  |
[   32.440694] cloud-init[978]: ci-info: |   1   |   10.0.2.0  | 0.0.0.0  | 255.255.255.0 |   enp0s3  |   U   |
[[0;32m  OK  [0m] Started ACPI Events Check.
[   32.441111] cloud-init[978]: ci-info: +-------+-------------+----------+---------------+-----------+-------+
[[0;32m  OK  [0m] Reached target Paths.
[[0;32m  OK  [0m] Listening on D-Bus System Message Bus Socket.
[[0;32m  OK  [0m] Listening on UUID daemon activation socket.
[[0;32m  OK  [0m] Started Daily Cleanup of Temporary Directories.
         Starting LXD - unix socket.
[[0;32m  OK  [0m] Started Daily apt download activities.
[[0;32m  OK  [0m] Started Daily apt upgrade and clean activities.
[[0;32m  OK  [0m] Reached target Timers.
[[0;32m  OK  [0m] Listening on ACPID Listen Socket.
         Starting Socket activation for snappy daemon.
[[0;32m  OK  [0m] Listening on LXD - unix socket.
[[0;32m  OK  [0m] Listening on Socket activation for snappy daemon.
[[0;32m  OK  [0m] Started iSCSI initiator daemon (iscsid).
         Starting Login to default iSCSI targets...
[[0;32m  OK  [0m] Reached target Sockets.
[[0;32m  OK  [0m] Reached target Basic System.
         Starting Virtualbox guest utils...
[[0;32m  OK  [0m] Started D-Bus System Message Bus.
         Starting LXD - container startup/shutdown...
         Starting OpenBSD Secure Shell server...
         Starting /etc/rc.local Compatibility...
         Starting Daily apt upgrade and clean activities...
         Starting System Logging Service...
[[0;32m  OK  [0m] Started FUSE filesystem for LXC.
[[0;32m  OK  [0m] Started Deferred execution scheduler.
[[0;32m  OK  [0m] Started Unattended Upgrades Shutdown.
[[0;32m  OK  [0m] Started Regular background program processing daemon.
         Starting Snappy daemon...
         Starting Accounts Service...
[[0;32m  OK  [0m] Started ACPI event daemon.
         Starting LSB: MD monitoring daemon...
         Starting Apply the settings specified in cloud-config...
         Starting LSB: Record successful boot for GRUB...
         Starting Login Service...
[[0;32m  OK  [0m] Started OpenBSD Secure Shell server.
[[0;32m  OK  [0m] Started System Logging Service.
[[0;32m  OK  [0m] Started Snappy daemon.
[[0;32m  OK  [0m] Started LXD - container startup/shutdown.
[[0;32m  OK  [0m] Started /etc/rc.local Compatibility.
[[0;32m  OK  [0m] Started Login to default iSCSI targets.
[[0;32m  OK  [0m] Started Virtualbox guest utils.
[[0;32m  OK  [0m] Started LSB: MD monitoring daemon.
[[0;32m  OK  [0m] Started LSB: Record successful boot for GRUB.
         Starting Authenticate and Authorize Users to Run Privileged Tasks...
[[0;32m  OK  [0m] Reached target Remote File Systems (Pre).
[[0;32m  OK  [0m] Reached target Remote File Systems.
         Starting LSB: daemon to balance interrupts for SMP systems...
         Starting Permit User Sessions...
         Starting LSB: Set the CPU Frequency Scaling governor to "ondemand"...
         Starting LSB: automatic crash report generation...
         Starting Wait until snapd is fully seeded...
[[0;32m  OK  [0m] Started Permit User Sessions.
[[0;32m  OK  [0m] Started Login Service.
[[0;32m  OK  [0m] Started Wait until snapd is fully seeded.
[[0;32m  OK  [0m] Started Authenticate and Authorize Users to Run Privileged Tasks.
[[0;32m  OK  [0m] Started Accounts Service.
[   36.271084] cloud-init[1113]: Cloud-init v. 18.2 running 'modules:config' at Fri, 29 Jun 2018 06:55:40 +0000. Up 35.77 seconds.
[[0;32m  OK  [0m] Started LSB: Set the CPU Frequency Scaling governor to "ondemand".
[[0;32m  OK  [0m] Started LSB: daemon to balance interrupts for SMP systems.
[[0;32m  OK  [0m] Started Apply the settings specified in cloud-config.
[[0;32m  OK  [0m] Created slice User Slice of vagrant.
[[0;32m  OK  [0m] Started Session 1 of user vagrant.
         Starting User Manager for UID 1000...
         Starting Terminate Plymouth Boot Screen...
         Starting Hold until boot process finishes up...
[[0;32m  OK  [0m] Started User Manager for UID 1000.
[[0;32m  OK  [0m] Started LSB: automatic crash report generation.
[[0;32m  OK  [0m] Started Terminate Plymouth Boot Screen.
[[0;32m  OK  [0m] Started Hold until boot process finishes up.
[[0;32m  OK  [0m] Started Getty on tty1.
[[0;32m  OK  [0m] Started Serial Getty on ttyS0.
[[0;32m  OK  [0m] Reached target Login Prompts.
         Starting Set console scheme...
[[0;32m  OK  [0m] Reached target Multi-User System.
[[0;32m  OK  [0m] Reached target Graphical Interface.
         Starting Update UTMP about System Runlevel Changes...
         Starting Execute cloud user/final scripts...
[[0;32m  OK  [0m] Started Set console scheme.
[[0;32m  OK  [0m] Started Update UTMP about System Runlevel Changes.
[   39.159960] cloud-init[1268]: Cloud-init v. 18.2 running 'modules:final' at Fri, 29 Jun 2018 06:55:43 +0000. Up 38.38 seconds.
[[0;32m  OK  [0m] Started Execute cloud user/final scripts.
[   39.300830] cloud-init[1268]: Cloud-init v. 18.2 finished at Fri, 29 Jun 2018 06:55:44 +0000. Datasource DataSourceNoCloud [seed=/dev/sdb][dsmode=net].  Up 39.15 seconds
[[0;32m  OK  [0m] Reached target Cloud-init target.
         Stopping User Manager for UID 1000...
[[0;32m  OK  [0m] Stopped User Manager for UID 1000.
[[0;32m  OK  [0m] Removed slice User Slice of vagrant.
[[0;32m  OK  [0m] Started Daily apt upgrade and clean activities.

Ubuntu 16.04.4 LTS ubuntu-xenial ttyS0

ubuntu-xenial login: 