[    0.000000] Initializing cgroup subsys cpuset
[    0.000000] Initializing cgroup subsys cpu
[    0.000000] Initializing cgroup subsys cpuacct
[    0.000000] Linux version 4.4.0-130-generic (buildd@lgw01-amd64-039) (gcc version 5.4.0 20160609 (Ubuntu 5.4.0-6ubuntu1~16.04.9) ) #156-Ubuntu SMP Thu Jun 14 08:53:28 UTC 2018 (Ubuntu 4.4.0-130.156-generic 4.4.134)
[    0.000000] Command line: BOOT_IMAGE=/boot/vmlinuz-4.4.0-130-generic root=UUID=3f8b053c-f889-4ca6-8e0b-e03b6cc97a1c ro console=tty1 console=ttyS0
[    0.000000] KERNEL supported cpus:
[    0.000000]   Intel GenuineIntel
[    0.000000]   AMD AuthenticAMD
[    0.000000]   Centaur CentaurHauls
[    0.000000] ------------[ cut here ]------------
[    0.000000] WARNING: CPU: 0 PID: 0 at /build/linux-c2Z51P/linux-4.4.0/arch/x86/kernel/fpu/xstate.c:517 fpu__init_system_xstate+0x38a/0x759()
[    0.000000] XSAVE consistency problem, dumping leaves
[    0.000000] Modules linked in:
[    0.000000] CPU: 0 PID: 0 Comm: swapper Not tainted 4.4.0-130-generic #156-Ubuntu
[    0.000000]  0000000000000086 e4e9ca89f5f11908 ffffffff81e03d70 ffffffff81401c43
[    0.000000]  ffffffff81e03db8 ffffffff81caccb0 ffffffff81e03da8 ffffffff810844c2
[    0.000000]  ffffffff81e03e38 ffffffff81e03e3c 0000000000000008 0000000000000100
[    0.000000] Call Trace:
[    0.000000]  [<ffffffff81401c43>] dump_stack+0x63/0x90
[    0.000000]  [<ffffffff810844c2>] warn_slowpath_common+0x82/0xc0
[    0.000000]  [<ffffffff8108455c>] warn_slowpath_fmt+0x5c/0x80
[    0.000000]  [<ffffffff8108007b>] ? xfeature_size+0x59/0x77
[    0.000000]  [<ffffffff81f73294>] fpu__init_system_xstate+0x38a/0x759
[    0.000000]  [<ffffffff81f63120>] ? early_idt_handler_array+0x120/0x120
[    0.000000]  [<ffffffff81f72c22>] fpu__init_system+0x21a/0x330
[    0.000000]  [<ffffffff81f73e29>] early_cpu_init+0x1da/0x1e0
[    0.000000]  [<ffffffff81f73e29>] ? early_cpu_init+0x1da/0x1e0
[    0.000000]  [<ffffffff81f6f171>] setup_arch+0xb4/0xd13
[    0.000000]  [<ffffffff81f63120>] ? early_idt_handler_array+0x120/0x120
[    0.000000]  [<ffffffff81f63c75>] start_kernel+0xe2/0x4a4
[    0.000000]  [<ffffffff81f63120>] ? early_idt_handler_array+0x120/0x120
[    0.000000]  [<ffffffff81f63339>] x86_64_start_reservations+0x2a/0x2c
[    0.000000]  [<ffffffff81f63485>] x86_64_start_kernel+0x14a/0x16d
[    0.000000] ---[ end trace 4d5ff9f2f68c4233 ]---
[    0.000000] CPUID[0d, 00]: eax=00000007 ebx=00000440 ecx=00000440 edx=00000000
[    0.000000] CPUID[0d, 01]: eax=00000000 ebx=00000440 ecx=00000000 edx=00000000
[    0.000000] CPUID[0d, 02]: eax=00000100 ebx=00000240 ecx=00000000 edx=00000000
[    0.000000] CPUID[0d, 03]: eax=00000000 ebx=00000000 ecx=00000000 edx=00000000
[    0.000000] CPUID[0d, 04]: eax=00000000 ebx=00000000 ecx=00000000 edx=00000000
[    0.000000] CPUID[0d, 05]: eax=00000000 ebx=00000000 ecx=00000000 edx=00000000
[    0.000000] CPUID[0d, 06]: eax=00000000 ebx=00000000 ecx=00000000 edx=00000000
[    0.000000] CPUID[0d, 07]: eax=00000000 ebx=00000000 ecx=00000000 edx=00000000
[    0.000000] CPUID[0d, 08]: eax=00000000 ebx=00000000 ecx=00000000 edx=00000000
[    0.000000] CPUID[0d, 09]: eax=00000000 ebx=00000000 ecx=00000000 edx=00000000
[    0.000000] CPUID[0d, 0a]: eax=00000000 ebx=00000000 ecx=00000000 edx=00000000
[    0.000000] CPUID[0d, 0b]: eax=00000000 ebx=00000000 ecx=00000000 edx=00000000
[    0.000000] CPUID[0d, 0c]: eax=00000000 ebx=00000000 ecx=00000000 edx=00000000
[    0.000000] CPUID[0d, 0d]: eax=00000000 ebx=00000000 ecx=00000000 edx=00000000
[    0.000000] CPUID[0d, 0e]: eax=00000000 ebx=00000000 ecx=00000000 edx=00000000
[    0.000000] CPUID[0d, 0f]: eax=00000000 ebx=00000000 ecx=00000000 edx=00000000
[    0.000000] CPUID[0d, 10]: eax=00000000 ebx=00000000 ecx=00000000 edx=00000000
[    0.000000] CPUID[0d, 11]: eax=00000000 ebx=00000000 ecx=00000000 edx=00000000
[    0.000000] x86/fpu: xstate_offset[2]:  576, xstate_sizes[2]:  256
[    0.000000] x86/fpu: Supporting XSAVE feature 0x01: 'x87 floating point registers'
[    0.000000] x86/fpu: Supporting XSAVE feature 0x02: 'SSE registers'
[    0.000000] x86/fpu: Supporting XSAVE feature 0x04: 'AVX registers'
[    0.000000] x86/fpu: Enabled xstate features 0x7, context size is 1088 bytes, using 'standard' format.
[    0.000000] x86/fpu: Using 'eager' FPU context switches.
[    0.000000] e820: BIOS-provided physical RAM map:
[    0.000000] BIOS-e820: [mem 0x0000000000000000-0x000000000009fbff] usable
[    0.000000] BIOS-e820: [mem 0x000000000009fc00-0x000000000009ffff] reserved
[    0.000000] BIOS-e820: [mem 0x00000000000f0000-0x00000000000fffff] reserved
[    0.000000] BIOS-e820: [mem 0x0000000000100000-0x000000003ffeffff] usable
[    0.000000] BIOS-e820: [mem 0x000000003fff0000-0x000000003fffffff] ACPI data
[    0.000000] BIOS-e820: [mem 0x00000000fec00000-0x00000000fec00fff] reserved
[    0.000000] BIOS-e820: [mem 0x00000000fee00000-0x00000000fee00fff] reserved
[    0.000000] BIOS-e820: [mem 0x00000000fffc0000-0x00000000ffffffff] reserved
[    0.000000] NX (Execute Disable) protection: active
[    0.000000] SMBIOS 2.5 present.
[    0.000000] Hypervisor detected: KVM
[    0.000000] e820: last_pfn = 0x3fff0 max_arch_pfn = 0x400000000
[    0.000000] MTRR: Disabled
[    0.000000] x86/PAT: MTRRs disabled, skipping PAT initialization too.
[    0.000000] CPU MTRRs all blank - virtualized system.
[    0.000000] x86/PAT: Configuration [0-7]: WB  WT  UC- UC  WB  WT  UC- UC  
[    0.000000] found SMP MP-table at [mem 0x0009fff0-0x0009ffff] mapped at [ffff88000009fff0]
[    0.000000] Scanning 1 areas for low memory corruption
[    0.000000] RAMDISK: [mem 0x361f2000-0x370f0fff]
[    0.000000] ACPI: Early table checksum verification disabled
[    0.000000] ACPI: RSDP 0x00000000000E0000 000024 (v02 VBOX  )
[    0.000000] ACPI: XSDT 0x000000003FFF0030 00003C (v01 VBOX   VBOXXSDT 00000001 ASL  00000061)
[    0.000000] ACPI: FACP 0x000000003FFF00F0 0000F4 (v04 VBOX   VBOXFACP 00000001 ASL  00000061)
[    0.000000] ACPI: DSDT 0x000000003FFF0470 0021FF (v02 VBOX   VBOXBIOS 00000002 INTL 20100528)
[    0.000000] ACPI: FACS 0x000000003FFF0200 000040
[    0.000000] ACPI: FACS 0x000000003FFF0200 000040
[    0.000000] ACPI: APIC 0x000000003FFF0240 00005C (v02 VBOX   VBOXAPIC 00000001 ASL  00000061)
[    0.000000] ACPI: SSDT 0x000000003FFF02A0 0001CC (v01 VBOX   VBOXCPUT 00000002 INTL 20100528)
[    0.000000] No NUMA configuration found
[    0.000000] Faking a node at [mem 0x0000000000000000-0x000000003ffeffff]
[    0.000000] NODE_DATA(0) allocated [mem 0x3ffeb000-0x3ffeffff]
[    0.000000] kvm-clock: Using msrs 4b564d01 and 4b564d00
[    0.000000] kvm-clock: cpu 0, msr 0:3ffe3001, primary cpu clock
[    0.000000] kvm-clock: using sched offset of 3482180123 cycles
[    0.000000] clocksource: kvm-clock: mask: 0xffffffffffffffff max_cycles: 0x1cd42e4dffb, max_idle_ns: 881590591483 ns
[    0.000000] Zone ranges:
[    0.000000]   DMA      [mem 0x0000000000001000-0x0000000000ffffff]
[    0.000000]   DMA32    [mem 0x0000000001000000-0x000000003ffeffff]
[    0.000000]   Normal   empty
[    0.000000]   Device   empty
[    0.000000] Movable zone start for each node
[    0.000000] Early memory node ranges
[    0.000000]   node   0: [mem 0x0000000000001000-0x000000000009efff]
[    0.000000]   node   0: [mem 0x0000000000100000-0x000000003ffeffff]
[    0.000000] Initmem setup node 0 [mem 0x0000000000001000-0x000000003ffeffff]
[    0.000000] ACPI: PM-Timer IO Port: 0x4008
[    0.000000] IOAPIC[0]: apic_id 2, version 32, address 0xfec00000, GSI 0-23
[    0.000000] ACPI: INT_SRC_OVR (bus 0 bus_irq 0 global_irq 2 dfl dfl)
[    0.000000] ACPI: INT_SRC_OVR (bus 0 bus_irq 9 global_irq 9 high level)
[    0.000000] Using ACPI (MADT) for SMP configuration information
[    0.000000] smpboot: Allowing 2 CPUs, 0 hotplug CPUs
[    0.000000] PM: Registered nosave memory: [mem 0x00000000-0x00000fff]
[    0.000000] PM: Registered nosave memory: [mem 0x0009f000-0x0009ffff]
[    0.000000] PM: Registered nosave memory: [mem 0x000a0000-0x000effff]
[    0.000000] PM: Registered nosave memory: [mem 0x000f0000-0x000fffff]
[    0.000000] e820: [mem 0x40000000-0xfebfffff] available for PCI devices
[    0.000000] Booting paravirtualized kernel on KVM
[    0.000000] clocksource: refined-jiffies: mask: 0xffffffff max_cycles: 0xffffffff, max_idle_ns: 7645519600211568 ns
[    0.000000] setup_percpu: NR_CPUS:512 nr_cpumask_bits:512 nr_cpu_ids:2 nr_node_ids:1
[    0.000000] PERCPU: Embedded 34 pages/cpu @ffff88003fc00000 s99544 r8192 d31528 u1048576
[    0.000000] PV qspinlock hash table entries: 256 (order: 0, 4096 bytes)
[    0.000000] Built 1 zonelists in Node order, mobility grouping on.  Total pages: 257912
[    0.000000] Policy zone: DMA32
[    0.000000] Kernel command line: BOOT_IMAGE=/boot/vmlinuz-4.4.0-130-generic root=UUID=3f8b053c-f889-4ca6-8e0b-e03b6cc97a1c ro console=tty1 console=ttyS0
[    0.000000] PID hash table entries: 4096 (order: 3, 32768 bytes)
[    0.000000] Memory: 997160K/1048120K available (8546K kernel code, 1313K rwdata, 4000K rodata, 1516K init, 1316K bss, 50960K reserved, 0K cma-reserved)
[    0.000000] SLUB: HWalign=64, Order=0-3, MinObjects=0, CPUs=2, Nodes=1
[    0.000000] Kernel/User page tables isolation: enabled
[    0.000000] Hierarchical RCU implementation.
[    0.000000] 	Build-time adjustment of leaf fanout to 64.
[    0.000000] 	RCU restricting CPUs from NR_CPUS=512 to nr_cpu_ids=2.
[    0.000000] RCU: Adjusting geometry for rcu_fanout_leaf=64, nr_cpu_ids=2
[    0.000000] NR_IRQS:33024 nr_irqs:440 16
[    0.000000] Console: colour VGA+ 80x25
[    0.000000] console [tty1] enabled
[    0.000000] console [ttyS0] enabled
[    0.000000] tsc: Detected 2591.992 MHz processor
[   30.158379] Calibrating delay loop (skipped) preset value.. 5183.98 BogoMIPS (lpj=10367968)
[   30.415253] pid_max: default: 32768 minimum: 301
[   30.551675] ACPI: Core revision 20150930
[   30.673373] ACPI: 2 ACPI AML tables successfully acquired and loaded
[   30.835553] Security Framework initialized
[   30.958593] Yama: becoming mindful.
[   31.073758] AppArmor: AppArmor initialized
[   31.205640] Dentry cache hash table entries: 131072 (order: 8, 1048576 bytes)
[   31.405506] Inode-cache hash table entries: 65536 (order: 7, 524288 bytes)
[   31.613742] Mount-cache hash table entries: 2048 (order: 2, 16384 bytes)
[   31.812320] Mountpoint-cache hash table entries: 2048 (order: 2, 16384 bytes)
[   32.012949] Initializing cgroup subsys io
[   32.122010] Initializing cgroup subsys memory
[   32.251814] Initializing cgroup subsys devices
[   32.378685] Initializing cgroup subsys freezer
[   32.506736] Initializing cgroup subsys net_cls
[   32.651001] Initializing cgroup subsys perf_event
[   32.814037] Initializing cgroup subsys net_prio
[   32.943923] Initializing cgroup subsys hugetlb
[   33.090175] Initializing cgroup subsys pids
[   33.203751] CPU: Physical Processor ID: 0
[   33.331232] CPU: Processor Core ID: 0
[   33.441207] mce: CPU supports 0 MCE banks
[   33.568102] Last level iTLB entries: 4KB 64, 2MB 8, 4MB 8
[   33.724619] Last level dTLB entries: 4KB 64, 2MB 0, 4MB 0, 1GB 4
[   33.916923] Spectre V2 : Mitigation: Full generic retpoline
[   34.062625] Spectre V2 : Speculation control IBPB not-supported IBRS not-supported
[   34.317151] Spectre V2 : Filling RSB on context switch
[   34.470287] Speculative Store Bypass: Vulnerable
[   34.622317] Freeing SMP alternatives memory: 32K
[   34.791370] ftrace: allocating 32245 entries in 126 pages
[   35.047525] smpboot: APIC(0) Converting physical 0 to logical package 0
[   35.208298] smpboot: Max logical packages: 1
[   35.325151] x2apic enabled
[   35.401442] Switched APIC routing to physical x2apic.
[   35.556024] ..TIMER: vector=0x30 apic1=0 pin1=2 apic2=-1 pin2=-1
[   35.871343] smpboot: CPU0: Intel(R) Core(TM) i7-6700HQ CPU @ 2.60GHz (family: 0x6, model: 0x5e, stepping: 0x3)
[   36.213278] Performance Events: unsupported p6 CPU model 94 no PMU driver, software events only.
[   36.468369] KVM setup paravirtual spinlock
[   36.625964] x86: Booting SMP configuration:
[   36.757981] .... node  #0, CPUs:      #1
[   36.858401] kvm-clock: cpu 1, msr 0:3ffe3041, secondary cpu clock
[   37.006534] mce: CPU supports 0 MCE banks
[   37.062885] x86: Booted up 1 node, 2 CPUs
[   37.205373] smpboot: Total of 2 processors activated (10367.96 BogoMIPS)
[   37.373814] devtmpfs: initialized
[   37.479293] evm: security.selinux
[   37.584232] evm: security.SMACK64
[   37.690757] evm: security.SMACK64EXEC
[   37.820887] evm: security.SMACK64TRANSMUTE
[   37.938729] evm: security.SMACK64MMAP
[   38.067632] evm: security.ima
[   38.150653] evm: security.capability
[   38.257247] clocksource: jiffies: mask: 0xffffffff max_cycles: 0xffffffff, max_idle_ns: 7645041785100000 ns
[   38.557340] futex hash table entries: 512 (order: 3, 32768 bytes)
[   38.764413] pinctrl core: initialized pinctrl subsystem
[   38.931991] RTC time:  0:39:01, date: 07/10/18
[   39.099963] NET: Registered protocol family 16
[   39.236759] cpuidle: using governor ladder
[   39.389353] cpuidle: using governor menu
[   39.504861] PCCT header not found.
[   39.575145] ACPI: bus type PCI registered
[   39.684493] acpiphp: ACPI Hot Plug PCI Controller Driver version: 0.5
[   39.887815] PCI: Using configuration type 1 for base access
[   40.066875] ACPI: Added _OSI(Module Device)
[   40.186143] ACPI: Added _OSI(Processor Device)
[   40.317066] ACPI: Added _OSI(3.0 _SCP Extensions)
[   40.463100] ACPI: Added _OSI(Processor Aggregator Device)
[   40.618837] ACPI: Executed 1 blocks of module-level executable AML code
[   40.776820] ACPI: Interpreter enabled
[   40.902049] ACPI: (supports S0 S5)
[   41.015577] ACPI: Using IOAPIC for interrupt routing
[   41.174798] PCI: Using host bridge windows from ACPI; if necessary, use "pci=nocrs" and report a bug
[   41.451134] ACPI: PCI Root Bridge [PCI0] (domain 0000 [bus 00-ff])
[   41.657981] acpi PNP0A03:00: _OSC: OS supports [ASPM ClockPM Segments MSI]
[   41.817968] acpi PNP0A03:00: _OSC: not requesting OS control; OS requires [ExtendedConfig ASPM ClockPM MSI]
[   42.110869] acpi PNP0A03:00: fail to add MMCONFIG information, can't access extended PCI configuration space under this bridge.
[   42.486179] PCI host bridge to bus 0000:00
[   42.617482] pci_bus 0000:00: root bus resource [io  0x0000-0x0cf7 window]
[   42.762325] pci_bus 0000:00: root bus resource [io  0x0d00-0xffff window]
[   42.892863] pci_bus 0000:00: root bus resource [mem 0x000a0000-0x000bffff window]
[   43.118675] pci_bus 0000:00: root bus resource [mem 0x40000000-0xffdfffff window]
[   43.344044] pci_bus 0000:00: root bus resource [bus 00-ff]
[   43.493033] pci 0000:00:01.1: legacy IDE quirk: reg 0x10: [io  0x01f0-0x01f7]
[   43.713683] pci 0000:00:01.1: legacy IDE quirk: reg 0x14: [io  0x03f6]
[   43.911961] pci 0000:00:01.1: legacy IDE quirk: reg 0x18: [io  0x0170-0x0177]
[   44.098251] pci 0000:00:01.1: legacy IDE quirk: reg 0x1c: [io  0x0376]
[   44.324448] pci 0000:00:07.0: quirk: [io  0x4000-0x403f] claimed by PIIX4 ACPI
[   44.551510] pci 0000:00:07.0: quirk: [io  0x4100-0x410f] claimed by PIIX4 SMB
[   44.772353] ACPI: PCI Interrupt Link [LNKA] (IRQs 5 9 10 *11)
[   44.919117] ACPI: PCI Interrupt Link [LNKB] (IRQs 5 9 10 *11)
[   45.064451] ACPI: PCI Interrupt Link [LNKC] (IRQs 5 9 *10 11)
[   45.226676] ACPI: PCI Interrupt Link [LNKD] (IRQs 5 *9 10 11)
[   45.383685] ACPI: Enabled 2 GPEs in block 00 to 07
[   45.528022] vgaarb: setting as boot device: PCI:0000:00:02.0
[   45.710760] vgaarb: device added: PCI:0000:00:02.0,decodes=io+mem,owns=io+mem,locks=none
[   45.967670] vgaarb: loaded
[   46.061741] vgaarb: bridge control possible 0000:00:02.0
[   46.190421] SCSI subsystem initialized
[   46.300264] ACPI: bus type USB registered
[   46.405373] usbcore: registered new interface driver usbfs
[   46.568467] usbcore: registered new interface driver hub
[   46.741145] usbcore: registered new device driver usb
[   46.902291] PCI: Using ACPI for IRQ routing
[   47.025383] NetLabel: Initializing
[   47.141228] NetLabel:  domain hash size = 128
[   47.242803] NetLabel:  protocols = UNLABELED CIPSOv4
[   47.396141] NetLabel:  unlabeled traffic allowed by default
[   47.584548] amd_nb: Cannot enumerate AMD northbridges
[   47.735795] clocksource: Switched to clocksource kvm-clock
[   47.914841] AppArmor: AppArmor Filesystem Enabled
[   48.075437] pnp: PnP ACPI init
[   48.201904] pnp: PnP ACPI: found 3 devices
[   48.345449] clocksource: acpi_pm: mask: 0xffffff max_cycles: 0xffffff, max_idle_ns: 2085701024 ns
[   48.668263] NET: Registered protocol family 2
[   48.831866] TCP established hash table entries: 8192 (order: 4, 65536 bytes)
[   49.088503] TCP bind hash table entries: 8192 (order: 5, 131072 bytes)
[   49.332650] TCP: Hash tables configured (established 8192 bind 8192)
[   49.551107] UDP hash table entries: 512 (order: 2, 16384 bytes)
[   49.764873] UDP-Lite hash table entries: 512 (order: 2, 16384 bytes)
[   49.992417] NET: Registered protocol family 1
[   50.125966] pci 0000:00:00.0: Limiting direct PCI/PCI transfers
[   50.345620] pci 0000:00:01.0: Activating ISA DMA hang workarounds
[   50.561428] Unpacking initramfs...
[   50.948490] Freeing initrd memory: 15356K
[   51.074690] platform rtc_cmos: registered platform RTC device (no PNP device found)
[   51.326227] Scanning for low memory corruption every 60 seconds
[   51.532100] audit: initializing netlink subsys (disabled)
[   51.606690] audit: type=2000 audit(1531183112.536:1): initialized
[   51.708610] Initialise system trusted keyring
[   51.817188] HugeTLB registered 2 MB page size, pre-allocated 0 pages
[   52.006979] zbud: loaded
[   52.089268] VFS: Disk quotas dquot_6.6.0
[   52.092046] tsc: Refined TSC clocksource calibration: 2592.956 MHz
[   52.092047] clocksource: tsc: mask: 0xffffffffffffffff max_cycles: 0x25603deb7d1, max_idle_ns: 440795277982 ns
[   52.466969] VFS: Dquot-cache hash table entries: 512 (order 0, 4096 bytes)
[   52.627745] squashfs: version 4.0 (2009/01/31) Phillip Lougher
[   52.731415] fuse init (API version 7.23)
[   52.767524] Key type big_key registered
[   52.771775] Allocating IMA MOK and blacklist keyrings.
[   52.838984] Key type asymmetric registered
[   52.927967] Asymmetric key parser 'x509' registered
[   53.100899] Block layer SCSI generic (bsg) driver version 0.4 loaded (major 249)
[   53.326925] io scheduler noop registered
[   53.454969] io scheduler deadline registered (default)
[   53.586081] io scheduler cfq registered
[   53.676762] pci_hotplug: PCI Hot Plug PCI Core version: 0.5
[   53.795598] pciehp: PCI Express Hot Plug Controller Driver version: 0.4
[   53.963948] ACPI: AC Adapter [AC] (on-line)
[   54.066207] input: Power Button as /devices/LNXSYSTM:00/LNXPWRBN:00/input/input0
[   54.206958] ACPI: Power Button [PWRF]
[   54.340309] input: Sleep Button as /devices/LNXSYSTM:00/LNXSLPBN:00/input/input1
[   54.589650] ACPI: Sleep Button [SLPF]
[   54.720123] GHES: HEST is not enabled!
[   54.720193] ACPI: Battery Slot [BAT0] (battery present)
[   55.026107] Serial: 8250/16550 driver, 32 ports, IRQ sharing enabled
[   55.294053] 00:02: ttyS0 at I/O 0x3f8 (irq = 4, base_baud = 115200) is a 16550A
[   55.531185] Linux agpgart interface v0.103
[   55.666504] loop: module loaded
[   55.749534] scsi host0: ata_piix
[   55.819084] scsi host1: ata_piix
[   55.886964] ata1: PATA max UDMA/33 cmd 0x1f0 ctl 0x3f6 bmdma 0xd000 irq 14
[   56.018157] ata2: PATA max UDMA/33 cmd 0x170 ctl 0x376 bmdma 0xd008 irq 15
[   56.087802] libphy: Fixed MDIO Bus: probed
[   56.197653] tun: Universal TUN/TAP device driver, 1.6
[   56.270845] tun: (C) 1999-2004 Max Krasnyansky <maxk@qualcomm.com>
[   56.417929] PPP generic driver version 2.4.2
[   56.577486] ehci_hcd: USB 2.0 'Enhanced' Host Controller (EHCI) Driver
[   56.783262] ehci-pci: EHCI PCI platform driver
[   56.939369] ehci-platform: EHCI generic platform driver
[   57.082105] ohci_hcd: USB 1.1 'Open' Host Controller (OHCI) Driver
[   57.169860] ohci-pci: OHCI PCI platform driver
[   57.268513] ohci-platform: OHCI generic platform driver
[   57.419733] uhci_hcd: USB Universal Host Controller Interface driver
[   57.659505] i8042: PNP: PS/2 Controller [PNP0303:PS2K,PNP0f03:PS2M] at 0x60,0x64 irq 1,12
[   57.903687] serio: i8042 KBD port at 0x60,0x64 irq 1
[   57.952437] serio: i8042 AUX port at 0x60,0x64 irq 12
[   58.031118] mousedev: PS/2 mouse device common for all mice
[   58.143357] rtc_cmos rtc_cmos: rtc core: registered rtc_cmos as rtc0
[   58.249125] rtc_cmos rtc_cmos: alarms up to one day, 114 bytes nvram
[   58.373815] i2c /dev entries driver
[   58.442097] input: AT Translated Set 2 keyboard as /devices/platform/i8042/serio0/input/input2
[   58.704083] device-mapper: uevent: version 1.0.3
[   58.853500] device-mapper: ioctl: 4.34.0-ioctl (2015-10-28) initialised: dm-devel@redhat.com
[   59.125188] ledtrig-cpu: registered to indicate activity on CPUs
[   59.283285] NET: Registered protocol family 10
[   59.413944] NET: Registered protocol family 17
[   59.585195] Key type dns_resolver registered
[   59.733058] registered taskstats version 1
[   59.843289] Loading compiled-in X.509 certificates
[   59.967209] Loaded X.509 cert 'Build time autogenerated kernel key: b3e0fe4bcd6378c38a2c0a4648abbc1fa5043a22'
[   60.250564] zswap: loaded using pool lzo/zbud
[   60.276126] Key type trusted registered
[   60.385269] Key type encrypted registered
[   60.424849] AppArmor: AppArmor sha1 policy hashing enabled
[   60.465094] ima: No TPM chip found, activating TPM-bypass!
[   60.534921] ima: Allocated hash algorithm: sha1
[   60.652160] evm: HMAC attrs: 0x1
[   60.752304]   Magic number: 10:884:657
[   60.854202] rtc_cmos rtc_cmos: setting system clock to 2018-07-10 00:39:23 UTC (1531183163)
[   61.087436] BIOS EDD facility v0.16 2004-Jun-25, 0 devices found
[   61.231870] EDD information not available.
[   61.364059] Freeing unused kernel memory: 1516K
[   61.485071] Write protecting the kernel read-only data: 14336k
[   61.573074] Freeing unused kernel memory: 1680K
[   61.625693] Freeing unused kernel memory: 96K
Loading, please [   61.722959] random: systemd-udevd: uninitialized urandom read (16 bytes read, 9 bits of entropy available)
wait...
startin[   61.724267] random: udevadm: uninitialized urandom read (16 bytes read, 9 bits of entropy available)
g version 229
[   61.724295] random: udevadm: uninitialized urandom read (16 bytes read, 9 bits of entropy available)
[   61.736787] random: udevadm: uninitialized urandom read (16 bytes read, 9 bits of entropy available)
[   61.736833] random: udevadm: uninitialized urandom read (16 bytes read, 9 bits of entropy available)
[   61.737018] random: udevadm: uninitialized urandom read (16 bytes read, 9 bits of entropy available)
[   61.737147] random: udevadm: uninitialized urandom read (16 bytes read, 9 bits of entropy available)
[   61.737222] random: udevadm: uninitialized urandom read (16 bytes read, 9 bits of entropy available)
[   61.737330] random: udevadm: uninitialized urandom read (16 bytes read, 9 bits of entropy available)
[   61.737389] random: udevadm: uninitialized urandom read (16 bytes read, 9 bits of entropy available)
[   63.904411] Fusion MPT base driver 3.04.20
[   63.979894] Copyright (c) 1999-2008 LSI Corporation
[   64.062465] e1000: Intel(R) PRO/1000 Network Driver - version 7.3.21-k8-NAPI
[   64.128142] e1000: Copyright (c) 1999-2006 Intel Corporation.
[   64.237877] AVX version of gcm_enc/dec engaged.
[   64.262730] input: ImExPS/2 Generic Explorer Mouse as /devices/platform/i8042/serio1/input/input4
[   64.410411] AES CTR mode by8 optimization enabled
[   64.475436] Fusion MPT SPI Host driver 3.04.20
[   64.842413] e1000 0000:00:03.0 eth0: (PCI:33MHz:32-bit) 02:dd:f6:ca:b5:3d
[   64.968615] e1000 0000:00:03.0 eth0: Intel(R) PRO/1000 Network Connection
[   65.061171] mptbase: ioc0: Initiating bringup
[   65.061827] e1000 0000:00:03.0 enp0s3: renamed from eth0
[   65.372832] ioc0: LSI53C1030 A0: Capabilities={Initiator}
[   65.739741] scsi host2: ioc0: LSI53C1030 A0, FwRev=00000000h, Ports=1, MaxQ=256, IRQ=20
[   66.136070] scsi 2:0:0:0: Direct-Access     VBOX     HARDDISK         1.0  PQ: 0 ANSI: 5
[   66.369055] scsi target2:0:0: Beginning Domain Validation
[   66.554007] scsi target2:0:0: Domain Validation skipping write tests
[   66.731924] scsi target2:0:0: Ending Domain Validation
[   66.868926] scsi target2:0:0: asynchronous
[   66.973702] scsi 2:0:1:0: Direct-Access     VBOX     HARDDISK         1.0  PQ: 0 ANSI: 5
[   67.224332] scsi target2:0:1: Beginning Domain Validation
[   67.369394] scsi target2:0:1: Domain Validation skipping write tests
[   67.565119] scsi target2:0:1: Ending Domain Validation
[   67.693062] scsi target2:0:1: asynchronous
[   67.807024] sd 2:0:0:0: [sda] 20971520 512-byte logical blocks: (10.7 GB/10.0 GiB)
[   67.807404] sd 2:0:0:0: Attached scsi generic sg0 type 0
[   67.808111] sd 2:0:1:0: Attached scsi generic sg1 type 0
[   67.808431] sd 2:0:1:0: [sdb] 20480 512-byte logical blocks: (10.5 MB/10.0 MiB)
[   67.808618] sd 2:0:1:0: [sdb] Write Protect is off
[   67.808894] sd 2:0:1:0: [sdb] Incomplete mode parameter data
[   67.808896] sd 2:0:1:0: [sdb] Assuming drive cache: write through
[   67.811303] sd 2:0:1:0: [sdb] Attached SCSI disk
[   68.814558] sd 2:0:0:0: [sda] Write Protect is off
[   68.937887] sd 2:0:0:0: [sda] Incomplete mode parameter data
[   69.046667] sd 2:0:0:0: [sda] Assuming drive cache: write through
[   69.156470]  sda: sda1
[   69.210207] sd 2:0:0:0: [sda] Attached SCSI disk
Begin: Loading e[   70.920063] md: linear personality registered for level -1
ssential drivers[   71.087535] md: multipath personality registered for level -4
 ... [   71.255156] md: raid0 personality registered for level 0
[   71.374317] md: raid1 personality registered for level 1
[   71.575940] raid6: sse2x1   gen()  8734 MB/s
[   71.736130] raid6: sse2x1   xor()  3890 MB/s
[   71.848223] raid6: sse2x2   gen()  8543 MB/s
[   71.992127] raid6: sse2x2   xor()  6728 MB/s
[   72.171853] raid6: sse2x4   gen()  8984 MB/s
[   72.363879] raid6: sse2x4   xor()  6551 MB/s
[   72.471072] raid6: using algorithm sse2x4 gen() 8984 MB/s
[   72.507386] raid6: .... xor() 6551 MB/s, rmw enabled
[   72.549136] raid6: using ssse3x2 recovery algorithm
[   72.609951] xor: automatically using best checksumming function:
[   72.727925]    avx       : 18358.000 MB/sec
[   72.786674] async_tx: api initialized (async)
[   72.802993] md: raid6 personality registered for level 6
[   72.849542] md: raid5 personality registered for level 5
[   72.862730] md: raid4 personality registered for level 4
[   72.889698] md: raid10 personality registered for level 10
done.
Begin: Running /scripts/init-premount ... done[   72.986578] Btrfs loaded
.
Begin: Mounting root file system ... Begin: Running /scripts/[   73.103546] EXT4-fs (sda1): INFO: recovery required on readonly filesystem
local-top ... do[   73.201510] EXT4-fs (sda1): write access will be enabled during recovery
ne.
Begin: Running /scripts/local-premount ... [   73.333743] EXT4-fs (sda1): recovery complete
Scanning for Btr[   73.424184] EXT4-fs (sda1): mounted filesystem with ordered data mode. Opts: (null)
fs filesystems
done.
Warning: fsck not present, so skipping root file system
done.
Begin: Running /scripts/local-bottom ... done.
Begin: Running /scripts/init-bottom ... done.
[   73.914580] systemd[1]: systemd 229 running in system mode. (+PAM +AUDIT +SELINUX +IMA +APPARMOR +SMACK +SYSVINIT +UTMP +LIBCRYPTSETUP +GCRYPT +GNUTLS +ACL +XZ -LZ4 +SECCOMP +BLKID +ELFUTILS +KMOD -IDN)
[   74.175645] systemd[1]: Detected virtualization oracle.
[   74.330662] systemd[1]: Detected architecture x86-64.

Welcome to [1mUbuntu 16.04.4 LTS[0m!

[   74.530163] systemd[1]: Set hostname to <ubuntu-xenial>.
[   74.696745] random: nonblocking pool is initialized
[   75.002651] systemd[1]: Reached target Encrypted Volumes.
[[0;32m  OK  [0m] Reached target Encrypted Volumes.
[   75.216921] systemd[1]: Started Forward Password Requests to Wall Directory Watch.
[[0;32m  OK  [0m] Started Forward Password Requests to Wall Directory Watch.
[   75.416777] systemd[1]: Reached target User and Group Name Lookups.
[[0;32m  OK  [0m] Reached target User and Group Name Lookups.
[   75.664934] systemd[1]: Listening on Journal Socket.
[[0;32m  OK  [0m] Listening on Journal Socket.
[   75.853310] systemd[1]: Listening on LVM2 poll daemon socket.
[[0;32m  OK  [0m] Listening on LVM2 poll daemon socket.
[   76.092241] systemd[1]: Listening on Device-mapper event daemon FIFOs.
[[0;32m  OK  [0m] Listening on Device-mapper event daemon FIFOs.
[   76.357293] systemd[1]: Listening on Syslog Socket.
[[0;32m  OK  [0m] Listening on Syslog Socket.
[   76.566023] systemd[1]: Created slice User and Session Slice.
[[0;32m  OK  [0m] Created slice User and Session Slice.
[   76.842184] systemd[1]: Set up automount Arbitrary Executable File Formats File System Automount Point.
[[0;32m  OK  [0m] Set up automount Arbitrary Executab...ats File System Automount Point.
[   77.296624] systemd[1]: Listening on /dev/initctl Compatibility Named Pipe.
[[0;32m  OK  [0m] Listening on /dev/initctl Compatibility Named Pipe.
[   77.600735] systemd[1]: Listening on Journal Socket (/dev/log).
[[0;32m  OK  [0m] Listening on Journal Socket (/dev/log).
[   77.888451] systemd[1]: Listening on LVM2 metadata daemon socket.
[[0;32m  OK  [0m] Listening on LVM2 metadata daemon socket.
[   78.189395] systemd[1]: Reached target Swap.
[[0;32m  OK  [0m] Reached target Swap.
[   78.396217] systemd[1]: Listening on udev Kernel Socket.
[[0;32m  OK  [0m] Listening on udev Kernel Socket.
[   78.644448] systemd[1]: Listening on udev Control Socket.
[[0;32m  OK  [0m] Listening on udev Control Socket.
[   78.909191] systemd[1]: Listening on Journal Audit Socket.
[[0;32m  OK  [0m] Listening on Journal Audit Socket.
[   79.168690] systemd[1]: Started Trigger resolvconf update for networkd DNS.
[[0;32m  OK  [0m] Started Trigger resolvconf update for networkd DNS.
[   79.532650] systemd[1]: Created slice System Slice.
[[0;32m  OK  [0m] Created slice System Slice.
[   79.772714] systemd[1]: Starting Load Kernel Modules...
         [   79.926731] Loading iSCSI transport class v2.0-870.
Starting Load Ke[   80.100293] iscsi: registered transport (tcp)
rnel Modules...
[   80.275928] systemd[1]: Starting Monitoring of LVM2 mirrors, snapshots etc. using dmeventd or progress polling...
         [   80.539352] iscsi: registered transport (iser)
Starting Monitoring of LVM2 mirrors... dmeventd or progress polling...
[   80.736638] systemd[1]: Reached target Slices.
[[0;32m  OK  [0m] Reached target Slices.
[   80.980652] systemd[1]: Starting Set console keymap...
         Starting Set console keymap...
[   81.187931] systemd[1]: Mounting Debug File System...
         Mounting Debug File System...
[   81.416742] systemd[1]: Starting Create list of required static device nodes for the current kernel...
         Starting Create list of required st... nodes for the current kernel...
[   81.792993] systemd[1]: Starting Remount Root and Kernel File Systems...
         [   81.949834] EXT4-fs (sda1): re-mounted. Opts: (null)
Starting Remount Root and Kernel File Systems...
[   82.177556] systemd[1]: Mounting POSIX Message Queue File System...
         Mounting POSIX Message Queue File System...
[   82.408088] systemd[1]: Starting Uncomplicated firewall...
         Starting Uncomplicated firewall...
[   82.620892] systemd[1]: Mounting Huge Pages File System...
         Mounting Huge Pages File System...
[   82.854389] systemd[1]: Created slice system-serial\x2dgetty.slice.
[[0;32m  OK  [0m] Created slice system-serial\x2dgetty.slice.
[   83.152999] systemd[1]: Starting Nameserver information manager...
         Starting Nameserver information manager...
[   83.408596] systemd[1]: Starting Journal Service...
         Starting Journal Service...
[   83.578019] systemd[1]: Reached target System Time Synchronized.
[[0;32m  OK  [0m] Reached target System Time Synchronized.
[   83.905836] systemd[1]: Mounted POSIX Message Queue File System.
[[0;32m  OK  [0m] Mounted POSIX Message Queue File System.
[   84.125114] systemd[1]: Mounted Huge Pages File System.
[[0;32m  OK  [0m] Mounted Huge Pages File System.
[   84.389110] systemd[1]: Mounted Debug File System.
[[0;32m  OK  [0m] Mounted Debug File System.
[   84.621164] systemd[1]: Started Journal Service.
[[0;32m  OK  [0m] Started Journal Service.
[[0;32m  OK  [0m] Started Load Kernel Modules.
[[0;32m  OK  [0m] Started Set console keymap.
[[0;32m  OK  [0m] Started Create list of required sta...ce nodes for the current kernel.
[[0;32m  OK  [0m] Started Remount Root and Kernel File Systems.
[[0;32m  OK  [0m] Started Uncomplicated firewall.
[[0;32m  OK  [0m] Started Nameserver information manager.
[[0;32m  OK  [0m] Started LVM2 metadata daemon.
         Starting udev Coldplug all Devices...
         Starting Load/Save Random Seed...
         Starting Create Static Device Nodes in /dev...
         Starting Apply Kernel Variables...
         Mounting FUSE Control File System...
         Starting Flush Journal to Persistent Storage...
[[0;32m  OK  [0m] Mounted FUSE Control File System.
[[0;32m  OK  [0m] Started Monitoring of LVM2 mirrors,...ng dmeventd or progress polling.
[[0;32m  OK  [0m] Started Load/Save Random Seed.
[[0;32m  OK  [0m] Started Create Static Device Nodes in /dev.
[[0;32m  OK  [0m] Started Apply Kernel Variables.
[[0;32m  OK  [0m] Started udev Coldplug all Devices.
[[0;32m  OK  [0m] Started Flush Journal to Persistent Storage.
         Starting udev Kernel Device Manager...
[[0;32m  OK  [0m] Started udev Kernel Device Manager.
[[0;32m  OK  [0m] Started Dispatch Password Requests to Console Directory Watch.
[[0;32m  OK  [0m] Reached target Local File Systems (Pre).
[[0;32m  OK  [0m] Reached target Local File Systems.
         Starting Tell Plymouth To Write Out Runtime Data...
         Starting LSB: AppArmor initialization...
         Starting Initial cloud-init job (pre-networking)...
         Starting Create Volatile Files and Directories...
         Starting Set console font and keymap...
[[0;32m  OK  [0m] Started Tell Plymouth To Write Out Runtime Data.
[[0;32m  OK  [0m] Started Create Volatile Files and Directories.
[[0;32m  OK  [0m] Found device /dev/ttyS0.
[[0;32m  OK  [0m] Listening on Load/Save RF Kill Switch Status /dev/rfkill Watch.
         Starting Update UTMP about System Boot/Shutdown...
[[0;32m  OK  [0m] Started LSB: AppArmor initialization.
[[0;32m  OK  [0m] Started Set console font and keymap.
[[0;32m  OK  [0m] Started Update UTMP about System Boot/Shutdown.
[[0;32m  OK  [0m] Created slice system-getty.slice.
[   41.811857] cloud-init[642]: Cloud-init v. 18.2 running 'init-local' at Tue, 10 Jul 2018 00:39:50 +0000. Up 41.43 seconds.
[[0;32m  OK  [0m] Started Initial cloud-init job (pre-networking).
[[0;32m  OK  [0m] Reached target Network (Pre).
         Starting Raise network interfaces...
[[0;32m  OK  [0m] Started ifup for enp0s3.
[[0;32m  OK  [0m] Started Raise network interfaces.
         Starting Initial cloud-init job (metadata service crawler)...
[[0;32m  OK  [0m] Reached target Network.
[   43.409061] cloud-init[998]: Cloud-init v. 18.2 running 'init' at Tue, 10 Jul 2018 00:39:52 +0000. Up 42.92 seconds.
[[0;32m  OK  [0m] Started Initial cloud-init job (metadata service crawler).
[   43.564817] cloud-init[998]: ci-info: +++++++++++++++++++++++++++++++++++++Net device info++++++++++++++++++++++++++++++++++++++
[   43.824874] [cloud-init[0;32m  OK  [0m[998]: ] ci-info: +--------+------+----------------------------+---------------+-------+-------------------+Reached target Network is Online.

[   43.826932] cloud-init[998]: ci-info: | Device |  Up  |          Address           |      Mask     | Scope |     Hw-Address    |
         Starting iSCSI initiator daemon (iscsid)...
[[0;32m  OK  [0m] Reached target System Initialization.
[   44.190738] cloud-init[998]: ci-info: +--------+------+----------------------------+---------------+-------+-------------------+
[   44.485476] cloud-init[998]: ci-info: | enp0s3 | True |         10.0.2.15          | 255.255.255.0 |   .   | 02:dd:f6:ca:b5:3d |
[   44.636979] cloud-init[998]: ci-info: | enp0s3 | True | fe80::dd:f6ff:feca:b53d/64 |       .       |  link | 02:dd:f6:ca:b5:3d |
[   44.788911] cloud-init[998]: ci-info: |   lo   | True |         127.0.0.1          |   255.0.0.0   |   .   |         .         |
[   44.949922] cloud-init[998]: ci-info: |   lo   | True |          ::1/128           |       .       |  host |         .         |
[[0;32m  OK  [0m] Started Daily apt download activities.
[[0;32m  OK  [0m] Listening on UUID daemon activation socket.
[   45.116211] cloud-init[998]: ci-info: +--------+------+----------------------------+---------------+-------+-------------------+
[   45.412652] cloud-init[998]: ci-info: +++++++++++++++++++++++++++Route IPv4 info++++++++++++++++++++++++++++
[[0;32m  OK  [0m] Listening on ACPID Listen Socket.
         Starting Socket activation for snappy daemon.
[[0;32m  OK  [0m] Started Daily Cleanup of Temporary Directories.
[   45.547514] cloud-init[998]: ci-info: +-------+-------------+----------+---------------+-----------+-------+
[   45.893298] cloud-init[998]: ci-info: | Route | Destination | Gateway  |    Genmask    | Interface | Flags |
[[0;32m  OK  [0m] Started ACPI Events Check.
[[0;32m  OK  [0m] Reached target Paths.
[[0;32m  OK  [0m] Started Daily apt upgrade and clean activities.
[   46.038936] cloud-init[998]: ci-info: +-------+-------------+----------+---------------+-----------+-------+
[   46.388655] cloud-init[998]: ci-info: |   0   |   0.0.0.0   | 10.0.2.2 |    0.0.0.0    |   enp0s3  |   UG  |
[   46.503975] cloud-init[998]: ci-info: |   1   |   10.0.2.0  | 0.0.0.0  | 255.255.255.0 |   enp0s3  |   U   |
         Starting LXD - unix socket.
[[0;32m  OK  [0m] Reached target Timers.
[   46.622536] cloud-init[998]: ci-info: +-------+-------------+----------+---------------+-----------+-------+
[[0;32m  OK  [0m] Listening on D-Bus System Message Bus Socket.
[[0;32m  OK  [0m] Reached target Cloud-config availability.
[[0;32m  OK  [0m] Listening on Socket activation for snappy daemon.
[[0;32m  OK  [0m] Listening on LXD - unix socket.
[[0;32m  OK  [0m] Started iSCSI initiator daemon (iscsid).
         Starting Login to default iSCSI targets...
[[0;32m  OK  [0m] Reached target Sockets.
[[0;32m  OK  [0m] Reached target Basic System.
         Starting Virtualbox guest utils...
[[0;32m  OK  [0m] Started D-Bus System Message Bus.
         Starting Login Service...
         Starting LXD - container startup/shutdown...
         Starting System Logging Service...
         Starting LSB: MD monitoring daemon...
         Starting OpenBSD Secure Shell server...
[[0;32m  OK  [0m] Started Deferred execution scheduler.
         Starting Apply the settings specified in cloud-config...
[[0;32m  OK  [0m] Started ACPI event daemon.
         Starting /etc/rc.local Compatibility...
         Starting Snappy daemon...
[[0;32m  OK  [0m] Started Regular background program processing daemon.
[[0;32m  OK  [0m] Started Unattended Upgrades Shutdown.
[[0;32m  OK  [0m] Started FUSE filesystem for LXC.
         Starting Accounts Service...
         Starting LSB: Record successful boot for GRUB...
[[0;32m  OK  [0m] Started System Logging Service.
[[0;32m  OK  [0m] Started OpenBSD Secure Shell server.
[[0;32m  OK  [0m] Started Snappy daemon.
[   48.821362] cloud-init[1084]: Cloud-init v. 18.2 running 'modules:config' at Tue, 10 Jul 2018 00:39:58 +0000. Up 48.58 seconds.
[[0;32m  OK  [0m] Started LXD - container startup/shutdown.
[[0;32m  OK  [0m] Started Apply the settings specified in cloud-config.
[[0;32m  OK  [0m] Started /etc/rc.local Compatibility.
[[0;32m  OK  [0m] Started Login to default iSCSI targets.
[[0;32m  OK  [0m] Started Virtualbox guest utils.
[[0;32m  OK  [0m] Started LSB: MD monitoring daemon.
[[0;32m  OK  [0m] Started LSB: Record successful boot for GRUB.
[[0;32m  OK  [0m] Started Login Service.
         Starting Authenticate and Authorize Users to Run Privileged Tasks...
[[0;32m  OK  [0m] Reached target Remote File Systems (Pre).
[[0;32m  OK  [0m] Reached target Remote File Systems.
         Starting LSB: automatic crash report generation...
         Starting Permit User Sessions...
         Starting LSB: daemon to balance interrupts for SMP systems...
         Starting LSB: Set the CPU Frequency Scaling governor to "ondemand"...
         Starting Wait until snapd is fully seeded...
[[0;32m  OK  [0m] Started Permit User Sessions.
[[0;32m  OK  [0m] Started Wait until snapd is fully seeded.
[[0;32m  OK  [0m] Started Authenticate and Authorize Users to Run Privileged Tasks.
[[0;32m  OK  [0m] Started Accounts Service.
[[0;32m  OK  [0m] Started LSB: automatic crash report generation.
[[0;32m  OK  [0m] Started LSB: daemon to balance interrupts for SMP systems.
[[0;32m  OK  [0m] Started LSB: Set the CPU Frequency Scaling governor to "ondemand".
         Starting Hold until boot process finishes up...
         Starting Terminate Plymouth Boot Screen...
[[0;32m  OK  [0m] Started Hold until boot process finishes up.
[[0;32m  OK  [0m] Started Terminate Plymouth Boot Screen.
[[0;32m  OK  [0m] Started Serial Getty on ttyS0.
         Starting Set console scheme...
[[0;32m  OK  [0m] Started Getty on tty1.
[[0;32m  OK  [0m] Reached target Login Prompts.
[[0;32m  OK  [0m] Reached target Multi-User System.
         Starting Execute cloud user/final scripts...
[[0;32m  OK  [0m] Reached target Graphical Interface.
         Starting Update UTMP about System Runlevel Changes...
[[0;32m  OK  [0m] Started Set console scheme.
[[0;32m  OK  [0m] Started Update UTMP about System Runlevel Changes.
[   52.332513] cloud-init[1230]: Cloud-init v. 18.2 running 'modules:final' at Tue, 10 Jul 2018 00:40:01 +0000. Up 52.12 seconds.
[   52.490483] [cloud-init[0;32m  OK  [0m[1230]: ] Cloud-init v. 18.2 finished at Tue, 10 Jul 2018 00:40:01 +0000. Datasource DataSourceNoCloud [seed=/dev/sdb][dsmode=net].  Up 52.32 secondsStarted Execute cloud user/final scripts.

[[0;32m  OK  [0m] Reached target Cloud-init target.
         Starting Daily apt download activities...
[[0;32m  OK  [0m] Created slice User Slice of vagrant.
         Starting User Manager for UID 1000...
[[0;32m  OK  [0m] Started User Manager for UID 1000.
[[0;32m  OK  [0m] Started Session 1 of user vagrant.
         Stopping User Manager for UID 1000...
[[0;32m  OK  [0m] Stopped User Manager for UID 1000.
[[0;32m  OK  [0m] Removed slice User Slice of vagrant.

Ubuntu 16.04.4 LTS ubuntu-xenial ttyS0

ubuntu-xenial login: 