[    0.000000] Initializing cgroup subsys cpuset
[    0.000000] Initializing cgroup subsys cpu
[    0.000000] Initializing cgroup subsys cpuacct
[    0.000000] Linux version 4.4.0-128-generic (buildd@lcy01-amd64-019) (gcc version 5.4.0 20160609 (Ubuntu 5.4.0-6ubuntu1~16.04.9) ) #154-Ubuntu SMP Fri May 25 14:15:18 UTC 2018 (Ubuntu 4.4.0-128.154-generic 4.4.131)
[    0.000000] Command line: BOOT_IMAGE=/boot/vmlinuz-4.4.0-128-generic root=LABEL=cloudimg-rootfs ro console=tty1 console=ttyS0
[    0.000000] KERNEL supported cpus:
[    0.000000]   Intel GenuineIntel
[    0.000000]   AMD AuthenticAMD
[    0.000000]   Centaur CentaurHauls
[    0.000000] ------------[ cut here ]------------
[    0.000000] WARNING: CPU: 0 PID: 0 at /build/linux-prqDW9/linux-4.4.0/arch/x86/kernel/fpu/xstate.c:517 fpu__init_system_xstate+0x38b/0x75a()
[    0.000000] XSAVE consistency problem, dumping leaves
[    0.000000] Modules linked in:
[    0.000000] CPU: 0 PID: 0 Comm: swapper Not tainted 4.4.0-128-generic #154-Ubuntu
[    0.000000]  0000000000000086 d0ddde32e1e52cb1 ffffffff81e03d70 ffffffff81401473
[    0.000000]  ffffffff81e03db8 ffffffff81cacb08 ffffffff81e03da8 ffffffff81084432
[    0.000000]  ffffffff81e03e38 ffffffff81e03e3c 0000000000000008 0000000000000100
[    0.000000] Call Trace:
[    0.000000]  [<ffffffff81401473>] dump_stack+0x63/0x90
[    0.000000]  [<ffffffff81084432>] warn_slowpath_common+0x82/0xc0
[    0.000000]  [<ffffffff810844cc>] warn_slowpath_fmt+0x5c/0x80
[    0.000000]  [<ffffffff8107ffeb>] ? xfeature_size+0x59/0x77
[    0.000000]  [<ffffffff81f732b1>] fpu__init_system_xstate+0x38b/0x75a
[    0.000000]  [<ffffffff81f63120>] ? early_idt_handler_array+0x120/0x120
[    0.000000]  [<ffffffff81f72c1c>] fpu__init_system+0x10b/0x243
[    0.000000]  [<ffffffff81f73e46>] early_cpu_init+0x1da/0x1e0
[    0.000000]  [<ffffffff81f73e46>] ? early_cpu_init+0x1da/0x1e0
[    0.000000]  [<ffffffff81f6f1a6>] setup_arch+0xb4/0xd13
[    0.000000]  [<ffffffff81f63120>] ? early_idt_handler_array+0x120/0x120
[    0.000000]  [<ffffffff81f63c75>] start_kernel+0xe2/0x4a4
[    0.000000]  [<ffffffff81f63120>] ? early_idt_handler_array+0x120/0x120
[    0.000000]  [<ffffffff81f63339>] x86_64_start_reservations+0x2a/0x2c
[    0.000000]  [<ffffffff81f63485>] x86_64_start_kernel+0x14a/0x16d
[    0.000000] ---[ end trace 4d5ff9f2f68c4233 ]---
[    0.000000] CPUID[0d, 00]: eax=00000007 ebx=00000440 ecx=00000440 edx=00000000
[    0.000000] CPUID[0d, 01]: eax=00000000 ebx=00000440 ecx=00000000 edx=00000000
[    0.000000] CPUID[0d, 02]: eax=00000100 ebx=00000240 ecx=00000000 edx=00000000
[    0.000000] CPUID[0d, 03]: eax=00000000 ebx=00000000 ecx=00000000 edx=00000000
[    0.000000] CPUID[0d, 04]: eax=00000000 ebx=00000000 ecx=00000000 edx=00000000
[    0.000000] CPUID[0d, 05]: eax=00000000 ebx=00000000 ecx=00000000 edx=00000000
[    0.000000] CPUID[0d, 06]: eax=00000000 ebx=00000000 ecx=00000000 edx=00000000
[    0.000000] CPUID[0d, 07]: eax=00000000 ebx=00000000 ecx=00000000 edx=00000000
[    0.000000] CPUID[0d, 08]: eax=00000000 ebx=00000000 ecx=00000000 edx=00000000
[    0.000000] CPUID[0d, 09]: eax=00000000 ebx=00000000 ecx=00000000 edx=00000000
[    0.000000] CPUID[0d, 0a]: eax=00000000 ebx=00000000 ecx=00000000 edx=00000000
[    0.000000] CPUID[0d, 0b]: eax=00000000 ebx=00000000 ecx=00000000 edx=00000000
[    0.000000] CPUID[0d, 0c]: eax=00000000 ebx=00000000 ecx=00000000 edx=00000000
[    0.000000] CPUID[0d, 0d]: eax=00000000 ebx=00000000 ecx=00000000 edx=00000000
[    0.000000] CPUID[0d, 0e]: eax=00000000 ebx=00000000 ecx=00000000 edx=00000000
[    0.000000] CPUID[0d, 0f]: eax=00000000 ebx=00000000 ecx=00000000 edx=00000000
[    0.000000] CPUID[0d, 10]: eax=00000000 ebx=00000000 ecx=00000000 edx=00000000
[    0.000000] CPUID[0d, 11]: eax=00000000 ebx=00000000 ecx=00000000 edx=00000000
[    0.000000] x86/fpu: xstate_offset[2]:  576, xstate_sizes[2]:  256
[    0.000000] x86/fpu: Supporting XSAVE feature 0x01: 'x87 floating point registers'
[    0.000000] x86/fpu: Supporting XSAVE feature 0x02: 'SSE registers'
[    0.000000] x86/fpu: Supporting XSAVE feature 0x04: 'AVX registers'
[    0.000000] x86/fpu: Enabled xstate features 0x7, context size is 1088 bytes, using 'standard' format.
[    0.000000] x86/fpu: Using 'lazy' FPU context switches.
[    0.000000] e820: BIOS-provided physical RAM map:
[    0.000000] BIOS-e820: [mem 0x0000000000000000-0x000000000009fbff] usable
[    0.000000] BIOS-e820: [mem 0x000000000009fc00-0x000000000009ffff] reserved
[    0.000000] BIOS-e820: [mem 0x00000000000f0000-0x00000000000fffff] reserved
[    0.000000] BIOS-e820: [mem 0x0000000000100000-0x000000003ffeffff] usable
[    0.000000] BIOS-e820: [mem 0x000000003fff0000-0x000000003fffffff] ACPI data
[    0.000000] BIOS-e820: [mem 0x00000000fec00000-0x00000000fec00fff] reserved
[    0.000000] BIOS-e820: [mem 0x00000000fee00000-0x00000000fee00fff] reserved
[    0.000000] BIOS-e820: [mem 0x00000000fffc0000-0x00000000ffffffff] reserved
[    0.000000] NX (Execute Disable) protection: active
[    0.000000] SMBIOS 2.5 present.
[    0.000000] Hypervisor detected: KVM
[    0.000000] e820: last_pfn = 0x3fff0 max_arch_pfn = 0x400000000
[    0.000000] MTRR: Disabled
[    0.000000] x86/PAT: MTRRs disabled, skipping PAT initialization too.
[    0.000000] CPU MTRRs all blank - virtualized system.
[    0.000000] x86/PAT: Configuration [0-7]: WB  WT  UC- UC  WB  WT  UC- UC  
[    0.000000] found SMP MP-table at [mem 0x0009fff0-0x0009ffff] mapped at [ffff88000009fff0]
[    0.000000] Scanning 1 areas for low memory corruption
[    0.000000] RAMDISK: [mem 0x36aa4000-0x37549fff]
[    0.000000] ACPI: Early table checksum verification disabled
[    0.000000] ACPI: RSDP 0x00000000000E0000 000024 (v02 VBOX  )
[    0.000000] ACPI: XSDT 0x000000003FFF0030 00003C (v01 VBOX   VBOXXSDT 00000001 ASL  00000061)
[    0.000000] ACPI: FACP 0x000000003FFF00F0 0000F4 (v04 VBOX   VBOXFACP 00000001 ASL  00000061)
[    0.000000] ACPI: DSDT 0x000000003FFF0470 0021FF (v02 VBOX   VBOXBIOS 00000002 INTL 20100528)
[    0.000000] ACPI: FACS 0x000000003FFF0200 000040
[    0.000000] ACPI: FACS 0x000000003FFF0200 000040
[    0.000000] ACPI: APIC 0x000000003FFF0240 00005C (v02 VBOX   VBOXAPIC 00000001 ASL  00000061)
[    0.000000] ACPI: SSDT 0x000000003FFF02A0 0001CC (v01 VBOX   VBOXCPUT 00000002 INTL 20100528)
[    0.000000] No NUMA configuration found
[    0.000000] Faking a node at [mem 0x0000000000000000-0x000000003ffeffff]
[    0.000000] NODE_DATA(0) allocated [mem 0x3ffeb000-0x3ffeffff]
[    0.000000] kvm-clock: Using msrs 4b564d01 and 4b564d00
[    0.000000] kvm-clock: cpu 0, msr 0:3ffe3001, primary cpu clock
[    0.000000] kvm-clock: using sched offset of 3351636755 cycles
[    0.000000] clocksource: kvm-clock: mask: 0xffffffffffffffff max_cycles: 0x1cd42e4dffb, max_idle_ns: 881590591483 ns
[    0.000000] Zone ranges:
[    0.000000]   DMA      [mem 0x0000000000001000-0x0000000000ffffff]
[    0.000000]   DMA32    [mem 0x0000000001000000-0x000000003ffeffff]
[    0.000000]   Normal   empty
[    0.000000]   Device   empty
[    0.000000] Movable zone start for each node
[    0.000000] Early memory node ranges
[    0.000000]   node   0: [mem 0x0000000000001000-0x000000000009efff]
[    0.000000]   node   0: [mem 0x0000000000100000-0x000000003ffeffff]
[    0.000000] Initmem setup node 0 [mem 0x0000000000001000-0x000000003ffeffff]
[    0.000000] ACPI: PM-Timer IO Port: 0x4008
[    0.000000] IOAPIC[0]: apic_id 2, version 32, address 0xfec00000, GSI 0-23
[    0.000000] ACPI: INT_SRC_OVR (bus 0 bus_irq 0 global_irq 2 dfl dfl)
[    0.000000] ACPI: INT_SRC_OVR (bus 0 bus_irq 9 global_irq 9 high level)
[    0.000000] Using ACPI (MADT) for SMP configuration information
[    0.000000] smpboot: Allowing 2 CPUs, 0 hotplug CPUs
[    0.000000] PM: Registered nosave memory: [mem 0x00000000-0x00000fff]
[    0.000000] PM: Registered nosave memory: [mem 0x0009f000-0x0009ffff]
[    0.000000] PM: Registered nosave memory: [mem 0x000a0000-0x000effff]
[    0.000000] PM: Registered nosave memory: [mem 0x000f0000-0x000fffff]
[    0.000000] e820: [mem 0x40000000-0xfebfffff] available for PCI devices
[    0.000000] Booting paravirtualized kernel on KVM
[    0.000000] clocksource: refined-jiffies: mask: 0xffffffff max_cycles: 0xffffffff, max_idle_ns: 7645519600211568 ns
[    0.000000] setup_percpu: NR_CPUS:512 nr_cpumask_bits:512 nr_cpu_ids:2 nr_node_ids:1
[    0.000000] PERCPU: Embedded 34 pages/cpu @ffff88003fc00000 s99544 r8192 d31528 u1048576
[    0.000000] PV qspinlock hash table entries: 256 (order: 0, 4096 bytes)
[    0.000000] Built 1 zonelists in Node order, mobility grouping on.  Total pages: 257912
[    0.000000] Policy zone: DMA32
[    0.000000] Kernel command line: BOOT_IMAGE=/boot/vmlinuz-4.4.0-128-generic root=LABEL=cloudimg-rootfs ro console=tty1 console=ttyS0
[    0.000000] PID hash table entries: 4096 (order: 3, 32768 bytes)
[    0.000000] Memory: 1001616K/1048120K available (8541K kernel code, 1313K rwdata, 4000K rodata, 1512K init, 1316K bss, 46504K reserved, 0K cma-reserved)
[    0.000000] SLUB: HWalign=64, Order=0-3, MinObjects=0, CPUs=2, Nodes=1
[    0.000000] Kernel/User page tables isolation: enabled
[    0.000000] Hierarchical RCU implementation.
[    0.000000] 	Build-time adjustment of leaf fanout to 64.
[    0.000000] 	RCU restricting CPUs from NR_CPUS=512 to nr_cpu_ids=2.
[    0.000000] RCU: Adjusting geometry for rcu_fanout_leaf=64, nr_cpu_ids=2
[    0.000000] NR_IRQS:33024 nr_irqs:440 16
[    0.000000] Console: colour VGA+ 80x25
[    0.000000] console [tty1] enabled
[    0.000000] console [ttyS0] enabled
[    0.000000] tsc: Detected 2592.000 MHz processor
[   26.545438] Calibrating delay loop (skipped) preset value.. 5184.00 BogoMIPS (lpj=10368000)
[   26.718892] pid_max: default: 32768 minimum: 301
[   26.841482] ACPI: Core revision 20150930
[   26.939284] ACPI: 2 ACPI AML tables successfully acquired and loaded
[   27.088821] Security Framework initialized
[   27.199045] Yama: becoming mindful.
[   27.300049] AppArmor: AppArmor initialized
[   27.391446] Dentry cache hash table entries: 131072 (order: 8, 1048576 bytes)
[   27.557639] Inode-cache hash table entries: 65536 (order: 7, 524288 bytes)
[   27.657381] Mount-cache hash table entries: 2048 (order: 2, 16384 bytes)
[   27.748822] Mountpoint-cache hash table entries: 2048 (order: 2, 16384 bytes)
[   27.955104] Initializing cgroup subsys io
[   28.057200] Initializing cgroup subsys memory
[   28.165630] Initializing cgroup subsys devices
[   28.291705] Initializing cgroup subsys freezer
[   28.413793] Initializing cgroup subsys net_cls
[   28.538326] Initializing cgroup subsys perf_event
[   28.637437] Initializing cgroup subsys net_prio
[   28.724976] Initializing cgroup subsys hugetlb
[   28.804767] Initializing cgroup subsys pids
[   28.900872] CPU: Physical Processor ID: 0
[   28.998371] CPU: Processor Core ID: 0
[   29.098397] mce: CPU supports 0 MCE banks
[   29.200767] Last level iTLB entries: 4KB 64, 2MB 8, 4MB 8
[   29.325579] Last level dTLB entries: 4KB 64, 2MB 0, 4MB 0, 1GB 4
[   29.452390] Spectre V2 : Mitigation: Full generic retpoline
[   29.618444] Spectre V2 : Speculation control IBPB not-supported IBRS not-supported
[   29.814620] Spectre V2 : Filling RSB on context switch
[   29.928889] Speculative Store Bypass: Vulnerable
[   30.054401] Freeing SMP alternatives memory: 32K
[   30.178988] ftrace: allocating 32236 entries in 126 pages
[   30.389756] smpboot: APIC(0) Converting physical 0 to logical package 0
[   30.558302] smpboot: Max logical packages: 1
[   30.656952] x2apic enabled
[   30.725148] Switched APIC routing to physical x2apic.
[   30.854353] ..TIMER: vector=0x30 apic1=0 pin1=2 apic2=-1 pin2=-1
[   31.100369] smpboot: CPU0: Intel(R) Core(TM) i7-6700HQ CPU @ 2.60GHz (family: 0x6, model: 0x5e, stepping: 0x3)
[   31.386996] Performance Events: unsupported p6 CPU model 94 no PMU driver, software events only.
[   31.621341] KVM setup paravirtual spinlock
[   31.724624] x86: Booting SMP configuration:
[   31.829347] .... node  #0, CPUs:      #1
[   31.928330] kvm-clock: cpu 1, msr 0:3ffe3041, secondary cpu clock
[   32.068061] mce: CPU supports 0 MCE banks
[   32.101600] x86: Booted up 1 node, 2 CPUs
[   32.126585] smpboot: Total of 2 processors activated (10368.00 BogoMIPS)
[   32.129589] devtmpfs: initialized
[   32.176206] evm: security.selinux
[   32.243020] evm: security.SMACK64
[   32.333661] evm: security.SMACK64EXEC
[   32.445925] evm: security.SMACK64TRANSMUTE
[   32.529927] evm: security.SMACK64MMAP
[   32.616746] evm: security.ima
[   32.698750] evm: security.capability
[   32.784022] clocksource: jiffies: mask: 0xffffffff max_cycles: 0xffffffff, max_idle_ns: 7645041785100000 ns
[   33.013810] futex hash table entries: 512 (order: 3, 32768 bytes)
[   33.166696] pinctrl core: initialized pinctrl subsystem
[   33.244360] RTC time:  6:58:08, date: 06/27/18
[   33.332601] NET: Registered protocol family 16
[   33.456052] cpuidle: using governor ladder
[   33.572144] cpuidle: using governor menu
[   33.680820] PCCT header not found.
[   33.758209] ACPI: bus type PCI registered
[   33.848704] acpiphp: ACPI Hot Plug PCI Controller Driver version: 0.5
[   34.008001] PCI: Using configuration type 1 for base access
[   34.165682] ACPI: Added _OSI(Module Device)
[   34.269859] ACPI: Added _OSI(Processor Device)
[   34.335868] ACPI: Added _OSI(3.0 _SCP Extensions)
[   34.429445] ACPI: Added _OSI(Processor Aggregator Device)
[   34.582065] ACPI: Executed 1 blocks of module-level executable AML code
[   34.732320] ACPI: Interpreter enabled
[   34.820038] ACPI: (supports S0 S5)
[   34.906943] ACPI: Using IOAPIC for interrupt routing
[   35.004754] PCI: Using host bridge windows from ACPI; if necessary, use "pci=nocrs" and report a bug
[   35.212846] ACPI: PCI Root Bridge [PCI0] (domain 0000 [bus 00-ff])
[   35.386528] acpi PNP0A03:00: _OSC: OS supports [ASPM ClockPM Segments MSI]
[   35.430023] acpi PNP0A03:00: _OSC: not requesting OS control; OS requires [ExtendedConfig ASPM ClockPM MSI]
[   35.645787] acpi PNP0A03:00: fail to add MMCONFIG information, can't access extended PCI configuration space under this bridge.
[   35.966399] PCI host bridge to bus 0000:00
[   36.074739] pci_bus 0000:00: root bus resource [io  0x0000-0x0cf7 window]
[   36.236397] pci_bus 0000:00: root bus resource [io  0x0d00-0xffff window]
[   36.390765] pci_bus 0000:00: root bus resource [mem 0x000a0000-0x000bffff window]
[   36.525042] pci_bus 0000:00: root bus resource [mem 0x40000000-0xffdfffff window]
[   36.679681] pci_bus 0000:00: root bus resource [bus 00-ff]
[   36.825660] pci 0000:00:01.1: legacy IDE quirk: reg 0x10: [io  0x01f0-0x01f7]
[   37.011285] pci 0000:00:01.1: legacy IDE quirk: reg 0x14: [io  0x03f6]
[   37.190386] pci 0000:00:01.1: legacy IDE quirk: reg 0x18: [io  0x0170-0x0177]
[   37.402144] pci 0000:00:01.1: legacy IDE quirk: reg 0x1c: [io  0x0376]
[   37.588598] pci 0000:00:07.0: quirk: [io  0x4000-0x403f] claimed by PIIX4 ACPI
[   37.704093] pci 0000:00:07.0: quirk: [io  0x4100-0x410f] claimed by PIIX4 SMB
[   37.917197] ACPI: PCI Interrupt Link [LNKA] (IRQs 5 9 10 *11)
[   38.049846] ACPI: PCI Interrupt Link [LNKB] (IRQs 5 9 10 *11)
[   38.177589] ACPI: PCI Interrupt Link [LNKC] (IRQs 5 9 *10 11)
[   38.314100] ACPI: PCI Interrupt Link [LNKD] (IRQs 5 *9 10 11)
[   38.452724] ACPI: Enabled 2 GPEs in block 00 to 07
[   38.528673] vgaarb: setting as boot device: PCI:0000:00:02.0
[   38.669829] vgaarb: device added: PCI:0000:00:02.0,decodes=io+mem,owns=io+mem,locks=none
[   38.772897] vgaarb: loaded
[   38.863011] vgaarb: bridge control possible 0000:00:02.0
[   39.009789] SCSI subsystem initialized
[   39.110354] ACPI: bus type USB registered
[   39.174449] usbcore: registered new interface driver usbfs
[   39.331054] usbcore: registered new interface driver hub
[   39.453706] usbcore: registered new device driver usb
[   39.577933] PCI: Using ACPI for IRQ routing
[   39.702762] NetLabel: Initializing
[   39.785182] NetLabel:  domain hash size = 128
[   39.845511] NetLabel:  protocols = UNLABELED CIPSOv4
[   39.951649] NetLabel:  unlabeled traffic allowed by default
[   40.042957] amd_nb: Cannot enumerate AMD northbridges
[   40.160567] clocksource: Switched to clocksource kvm-clock
[   40.323047] AppArmor: AppArmor Filesystem Enabled
[   40.484611] pnp: PnP ACPI init
[   40.579278] pnp: PnP ACPI: found 3 devices
[   40.683980] clocksource: acpi_pm: mask: 0xffffff max_cycles: 0xffffff, max_idle_ns: 2085701024 ns
[   40.975716] NET: Registered protocol family 2
[   41.110043] TCP established hash table entries: 8192 (order: 4, 65536 bytes)
[   41.340613] TCP bind hash table entries: 8192 (order: 5, 131072 bytes)
[   41.546740] TCP: Hash tables configured (established 8192 bind 8192)
[   41.739454] UDP hash table entries: 512 (order: 2, 16384 bytes)
[   41.938507] UDP-Lite hash table entries: 512 (order: 2, 16384 bytes)
[   42.143884] NET: Registered protocol family 1
[   42.284133] pci 0000:00:00.0: Limiting direct PCI/PCI transfers
[   42.478663] pci 0000:00:01.0: Activating ISA DMA hang workarounds
[   42.676579] Unpacking initramfs...
[   45.470532] Freeing initrd memory: 10904K
[   45.605878] platform rtc_cmos: registered platform RTC device (no PNP device found)
[   45.833282] Scanning for low memory corruption every 60 seconds
[   46.025472] audit: initializing netlink subsys (disabled)
[   46.164919] audit: type=2000 audit(1530082666.765:1): initialized
[   46.335946] Initialise system trusted keyring
[   46.406464] HugeTLB registered 2 MB page size, pre-allocated 0 pages
[   46.452568] zbud: loaded
[   46.478953] VFS: Disk quotas dquot_6.6.0
[   46.552974] VFS: Dquot-cache hash table entries: 512 (order 0, 4096 bytes)
[   46.713188] tsc: Refined TSC clocksource calibration: 2592.806 MHz
[   46.713499] squashfs: version 4.0 (2009/01/31) Phillip Lougher
[   46.836653] fuse init (API version 7.23)
[   46.836779] Key type big_key registered
[   46.836799] Allocating IMA MOK and blacklist keyrings.
[   46.836999] Key type asymmetric registered
[   46.837001] Asymmetric key parser 'x509' registered
[   46.837031] Block layer SCSI generic (bsg) driver version 0.4 loaded (major 249)
[   46.837055] io scheduler noop registered
[   46.837056] io scheduler deadline registered (default)
[   46.837082] io scheduler cfq registered
[   46.837161] pci_hotplug: PCI Hot Plug PCI Core version: 0.5
[   46.837166] pciehp: PCI Express Hot Plug Controller Driver version: 0.4
[   46.837286] ACPI: AC Adapter [AC] (on-line)
[   46.837383] input: Power Button as /devices/LNXSYSTM:00/LNXPWRBN:00/input/input0
[   46.837385] ACPI: Power Button [PWRF]
[   46.837451] input: Sleep Button as /devices/LNXSYSTM:00/LNXSLPBN:00/input/input1
[   46.837453] ACPI: Sleep Button [SLPF]
[   46.837615] GHES: HEST is not enabled!
[   46.838379] ACPI: Battery Slot [BAT0] (battery present)
[   46.838409] Serial: 8250/16550 driver, 32 ports, IRQ sharing enabled
[   47.010416] 00:02: ttyS0 at I/O 0x3f8 (irq = 4, base_baud = 115200) is a 16550A
[   47.135005] Linux agpgart interface v0.103
[   47.274041] loop: module loaded
[   47.274628] scsi host0: ata_piix
[   47.274679] scsi host1: ata_piix
[   47.274707] ata1: PATA max UDMA/33 cmd 0x1f0 ctl 0x3f6 bmdma 0xd000 irq 14
[   47.274708] ata2: PATA max UDMA/33 cmd 0x170 ctl 0x376 bmdma 0xd008 irq 15
[   47.274773] libphy: Fixed MDIO Bus: probed
[   47.274775] tun: Universal TUN/TAP device driver, 1.6
[   47.274775] tun: (C) 1999-2004 Max Krasnyansky <maxk@qualcomm.com>
[   47.275077] PPP generic driver version 2.4.2
[   47.275136] ehci_hcd: USB 2.0 'Enhanced' Host Controller (EHCI) Driver
[   47.275139] ehci-pci: EHCI PCI platform driver
[   47.275146] ehci-platform: EHCI generic platform driver
[   47.275153] ohci_hcd: USB 1.1 'Open' Host Controller (OHCI) Driver
[   47.275155] ohci-pci: OHCI PCI platform driver
[   47.275163] ohci-platform: OHCI generic platform driver
[   47.275169] uhci_hcd: USB Universal Host Controller Interface driver
[   47.275264] i8042: PNP: PS/2 Controller [PNP0303:PS2K,PNP0f03:PS2M] at 0x60,0x64 irq 1,12
[   47.384850] serio: i8042 KBD port at 0x60,0x64 irq 1
[   47.384864] serio: i8042 AUX port at 0x60,0x64 irq 12
[   47.385309] mousedev: PS/2 mouse device common for all mice
[   47.385941] rtc_cmos rtc_cmos: rtc core: registered rtc_cmos as rtc0
[   47.386077] rtc_cmos rtc_cmos: alarms up to one day, 114 bytes nvram
[   47.386083] i2c /dev entries driver
[   47.386179] device-mapper: uevent: version 1.0.3
[   47.386293] device-mapper: ioctl: 4.34.0-ioctl (2015-10-28) initialised: dm-devel@redhat.com
[   47.386334] ledtrig-cpu: registered to indicate activity on CPUs
[   47.386987] NET: Registered protocol family 10
[   47.387272] NET: Registered protocol family 17
[   47.387291] Key type dns_resolver registered
[   47.387839] registered taskstats version 1
[   47.387874] Loading compiled-in X.509 certificates
[   47.389024] Loaded X.509 cert 'Build time autogenerated kernel key: fc7b57a7df019f2655f66a8a374d74ee8f4999fc'
[   47.389039] zswap: loaded using pool lzo/zbud
[   47.392471] Key type trusted registered
[   47.398592] Key type encrypted registered
[   47.398610] AppArmor: AppArmor sha1 policy hashing enabled
[   47.398627] ima: No TPM chip found, activating TPM-bypass!
[   47.398648] evm: HMAC attrs: 0x1
[   47.399014]   Magic number: 6:107:975
[   47.463009] rtc_cmos rtc_cmos: setting system clock to 2018-06-27 06:58:22 UTC (1530082702)
[   47.463307] BIOS EDD facility v0.16 2004-Jun-25, 0 devices found
[   47.463307] EDD information not available.
[   48.218553] input: AT Translated Set 2 keyboard as /devices/platform/i8042/serio0/input/input2
[   54.944609] clocksource: tsc: mask: 0xffffffffffffffff max_cycles: 0x255fb063e65, max_idle_ns: 440795297286 ns
[   55.201367] Freeing unused kernel memory: 1512K
[   55.269599] Write protecting the kernel read-only data: 14336k
[   55.333994] Freeing unused kernel memory: 1688K
[   55.445630] Freeing unused kernel memory: 96K
Loading, please [   55.562949] random: systemd-udevd: uninitialized urandom read (16 bytes read, 7 bits of entropy available)
wait...
startin[   55.563639] random: udevadm: uninitialized urandom read (16 bytes read, 7 bits of entropy available)
g version 229
[   55.563657] random: udevadm: uninitialized urandom read (16 bytes read, 7 bits of entropy available)
[   55.577024] random: udevadm: uninitialized urandom read (16 bytes read, 7 bits of entropy available)
[   55.577103] random: udevadm: uninitialized urandom read (16 bytes read, 7 bits of entropy available)
[   55.577309] random: udevadm: uninitialized urandom read (16 bytes read, 7 bits of entropy available)
[   55.577369] random: udevadm: uninitialized urandom read (16 bytes read, 7 bits of entropy available)
[   55.577429] random: udevadm: uninitialized urandom read (16 bytes read, 7 bits of entropy available)
[   55.577492] random: udevadm: uninitialized urandom read (16 bytes read, 7 bits of entropy available)
[   55.577551] random: udevadm: uninitialized urandom read (16 bytes read, 7 bits of entropy available)
[   57.279913] e1000: Intel(R) PRO/1000 Network Driver - version 7.3.21-k8-NAPI
[   57.437502] e1000: Copyright (c) 1999-2006 Intel Corporation.
[   57.468828] Fusion MPT base driver 3.04.20
[   57.555250] Copyright (c) 1999-2008 LSI Corporation
[   57.657526] Fusion MPT SPI Host driver 3.04.20
[   57.733477] AVX version of gcm_enc/dec engaged.
[   57.757800] AES CTR mode by8 optimization enabled
[   57.857459] input: ImExPS/2 Generic Explorer Mouse as /devices/platform/i8042/serio1/input/input4
[   58.103871] e1000 0000:00:03.0 eth0: (PCI:33MHz:32-bit) 02:dd:f6:ca:b5:3d
[   58.277652] e1000 0000:00:03.0 eth0: Intel(R) PRO/1000 Network Connection
[   58.439442] mptbase: ioc0: Initiating bringup
[   58.440266] e1000 0000:00:03.0 enp0s3: renamed from eth0
[   58.629887] ioc0: LSI53C1030 A0: Capabilities={Initiator}
[   58.938113] scsi host2: ioc0: LSI53C1030 A0, FwRev=00000000h, Ports=1, MaxQ=256, IRQ=20
[   59.249838] scsi 2:0:0:0: Direct-Access     VBOX     HARDDISK         1.0  PQ: 0 ANSI: 5
[   59.521241] scsi target2:0:0: Beginning Domain Validation
[   59.685000] scsi target2:0:0: Domain Validation skipping write tests
[   59.874226] scsi target2:0:0: Ending Domain Validation
[   60.028520] scsi target2:0:0: asynchronous
[   60.154153] scsi 2:0:1:0: Direct-Access     VBOX     HARDDISK         1.0  PQ: 0 ANSI: 5
[   60.395839] scsi target2:0:1: Beginning Domain Validation
[   60.564912] scsi target2:0:1: Domain Validation skipping write tests
[   60.751624] scsi target2:0:1: Ending Domain Validation
[   60.911172] scsi target2:0:1: asynchronous
[   61.038391] sd 2:0:0:0: [sda] 20971520 512-byte logical blocks: (10.7 GB/10.0 GiB)
[   61.038776] sd 2:0:0:0: Attached scsi generic sg0 type 0
[   61.038962] sd 2:0:1:0: Attached scsi generic sg1 type 0
[   61.039576] sd 2:0:1:0: [sdb] 20480 512-byte logical blocks: (10.5 MB/10.0 MiB)
[   61.039745] sd 2:0:1:0: [sdb] Write Protect is off
[   61.039840] sd 2:0:1:0: [sdb] Incomplete mode parameter data
[   61.039841] sd 2:0:1:0: [sdb] Assuming drive cache: write through
[   61.042607] sd 2:0:1:0: [sdb] Attached SCSI disk
[   61.998229] sd 2:0:0:0: [sda] Write Protect is off
[   62.115687] sd 2:0:0:0: [sda] Incomplete mode parameter data
[   62.273328] sd 2:0:0:0: [sda] Assuming drive cache: write through
[   62.409898]  sda: sda1
[   62.464677] sd 2:0:0:0: [sda] Attached SCSI disk
Begin: Loading e[   64.070206] md: linear personality registered for level -1
ssential drivers[   64.225530] md: multipath personality registered for level -4
 ... [   64.380333] md: raid0 personality registered for level 0
[   64.535829] md: raid1 personality registered for level 1
[   64.756588] raid6: sse2x1   gen()  8548 MB/s
[   64.920575] raid6: sse2x1   xor()  5467 MB/s
[   65.076753] raid6: sse2x2   gen() 10204 MB/s
[   65.241634] raid6: sse2x2   xor()  5394 MB/s
[   65.433520] raid6: sse2x4   gen() 10302 MB/s
[   65.637187] raid6: sse2x4   xor()  6817 MB/s
[   65.748064] raid6: using algorithm sse2x4 gen() 10302 MB/s
[   65.905733] raid6: .... xor() 6817 MB/s, rmw enabled
[   66.037021] raid6: using ssse3x2 recovery algorithm
[   66.165911] xor: automatically using best checksumming function:
[   66.293730]    avx       : 16191.000 MB/sec
[   66.327192] async_tx: api initialized (async)
[   66.458062] md: raid6 personality registered for level 6
[   66.626265] md: raid5 personality registered for level 5
[   66.743375] md: raid4 personality registered for level 4
[   66.891893] md: raid10 personality registered for level 10
done.
Begin: Running /scripts/init-p[   67.039909] Btrfs loaded
remount ... done.
Begin: Mounting root file sys[   67.146108] EXT4-fs (sda1): mounted filesystem with ordered data mode. Opts: (null)
tem ... Begin: Running /scripts/local-top ... done.
Begin: Running /scripts/local-premount ... Scanning for Btrfs filesystems
done.
Warning: fsck not present, so skipping root file system
done.
Begin: Running /scripts/local-bottom ... done.
Begin: Running /scripts/init-bottom ... done.
[   67.736357] systemd[1]: systemd 229 running in system mode. (+PAM +AUDIT +SELINUX +IMA +APPARMOR +SMACK +SYSVINIT +UTMP +LIBCRYPTSETUP +GCRYPT +GNUTLS +ACL +XZ -LZ4 +SECCOMP +BLKID +ELFUTILS +KMOD -IDN)
[   68.150564] systemd[1]: Detected virtualization oracle.
[   68.267560] systemd[1]: Detected architecture x86-64.

Welcome to [1mUbuntu 16.04.4 LTS[0m!

[   68.438607] systemd[1]: Set hostname to <ubuntu-xenial>.
[   68.570881] random: nonblocking pool is initialized
[   68.768745] systemd[1]: Listening on udev Control Socket.
[[0;32m  OK  [0m] Listening on udev Control Socket.
[   68.985109] systemd[1]: Listening on Syslog Socket.
[[0;32m  OK  [0m] Listening on Syslog Socket.
[   69.187716] systemd[1]: Listening on Journal Audit Socket.
[[0;32m  OK  [0m] Listening on Journal Audit Socket.
[   69.426088] systemd[1]: Started Trigger resolvconf update for networkd DNS.
[[0;32m  OK  [0m] Started Trigger resolvconf update for networkd DNS.
[   69.681093] systemd[1]: Listening on udev Kernel Socket.
[[0;32m  OK  [0m] Listening on udev Kernel Socket.
[   69.897897] systemd[1]: Set up automount Arbitrary Executable File Formats File System Automount Point.
[[0;32m  OK  [0m] Set up automount Arbitrary Executab...ats File System Automount Point.
[   70.233438] systemd[1]: Listening on LVM2 poll daemon socket.
[[0;32m  OK  [0m] Listening on LVM2 poll daemon socket.
[   70.433261] systemd[1]: Listening on /dev/initctl Compatibility Named Pipe.
[[0;32m  OK  [0m] Listening on /dev/initctl Compatibility Named Pipe.
[   70.714434] systemd[1]: Created slice System Slice.
[[0;32m  OK  [0m] Created slice System Slice.
[   70.831049] systemd[1]: Created slice system-serial\x2dgetty.slice.
[[0;32m  OK  [0m] Created slice system-serial\x2dgetty.slice.
[   71.049194] systemd[1]: Listening on LVM2 metadata daemon socket.
[[0;32m  OK  [0m] Listening on LVM2 metadata daemon socket.
[   71.270611] systemd[1]: Created slice User and Session Slice.
[[0;32m  OK  [0m] Created slice User and Session Slice.
[   71.485926] systemd[1]: Reached target Slices.
[[0;32m  OK  [0m] Reached target Slices.
[   71.653960] systemd[1]: Listening on Journal Socket (/dev/log).
[[0;32m  OK  [0m] Listening on Journal Socket (/dev/log).
[   71.873231] systemd[1]: Reached target System Time Synchronized.
[[0;32m  OK  [0m] Reached target System Time Synchronized.
[   72.026360] systemd[1]: Reached target User and Group Name Lookups.
[[0;32m  OK  [0m] Reached target User and Group Name Lookups.
[   72.237242] systemd[1]: Reached target Swap.
[[0;32m  OK  [0m] Reached target Swap.
[   72.386192] systemd[1]: Listening on Journal Socket.
[[0;32m  OK  [0m] Listening on Journal Socket.
[   72.505026] systemd[1]: Starting Create list of required static device nodes for the current kernel...
         Starting Create list of required st... nodes for the current kernel...
[   72.868969] systemd[1]: Starting Journal Service...
         Starting Journal Service...
[   73.013186] systemd[1]: Starting Uncomplicated firewall...
         Starting Uncomplicated firewall...
[   73.117242] systemd[1]: Starting Load Kernel Modules...
[   73.155429] Loading iSCSI transport class v2.0-870.
         Startin[   73.291519] iscsi: registered transport (tcp)
g Load Kernel Mo[   73.434231] iscsi: registered transport (iser)
dules...
[   73.585520] systemd[1]: Mounting POSIX Message Queue File System...
         Mounting POSIX Message Queue File System...
[   73.817551] systemd[1]: Starting Set console keymap...
         Starting Set console keymap...
[   74.041792] systemd[1]: Starting Remount Root and Kernel File Systems...
         Startin[   74.126644] EXT4-fs (sda1): re-mounted. Opts: (null)
g Remount Root and Kernel File Systems...
[   74.313168] systemd[1]: Mounting Debug File System...
         Mounting Debug File System...
[   74.453790] systemd[1]: Mounting Huge Pages File System...
         Mounting Huge Pages File System...
[   74.627529] systemd[1]: Reached target Encrypted Volumes.
[[0;32m  OK  [0m] Reached target Encrypted Volumes.
[   74.797599] systemd[1]: Starting Nameserver information manager...
         Starting Nameserver information manager...
[   74.973610] systemd[1]: Listening on Device-mapper event daemon FIFOs.
[[0;32m  OK  [0m] Listening on Device-mapper event daemon FIFOs.
[   75.245284] systemd[1]: Starting Monitoring of LVM2 mirrors, snapshots etc. using dmeventd or progress polling...
         Starting Monitoring of LVM2 mirrors... dmeventd or progress polling...
[   75.423204] systemd[1]: Started Forward Password Requests to Wall Directory Watch.
[[0;32m  OK  [0m] Started Forward Password Requests to Wall Directory Watch.
[   75.697526] systemd[1]: Mounted POSIX Message Queue File System.
[[0;32m  OK  [0m] Mounted POSIX Message Queue File System.
[   75.825185] systemd[1]: Mounted Huge Pages File System.
[[0;32m  OK  [0m] Mounted Huge Pages File System.
[   76.033451] systemd[1]: Mounted Debug File System.
[[0;32m  OK  [0m] Mounted Debug File System.
[   76.205712] systemd[1]: Started Journal Service.
[[0;32m  OK  [0m] Started Journal Service.
[[0;32m  OK  [0m] Started Create list of required sta...ce nodes for the current kernel.
[[0;32m  OK  [0m] Started Uncomplicated firewall.
[[0;32m  OK  [0m] Started Load Kernel Modules.
[[0;32m  OK  [0m] Started Set console keymap.
[[0;32m  OK  [0m] Started Remount Root and Kernel File Systems.
[[0;32m  OK  [0m] Started Nameserver information manager.
[[0;32m  OK  [0m] Started LVM2 metadata daemon.
         Starting Load/Save Random Seed...
         Starting udev Coldplug all Devices...
         Starting Apply Kernel Variables...
         Mounting FUSE Control File System...
         Starting Create Static Device Nodes in /dev...
         Starting Flush Journal to Persistent Storage...
[[0;32m  OK  [0m] Mounted FUSE Control File System.
[[0;32m  OK  [0m] Started Monitoring of LVM2 mirrors,...ng dmeventd or progress polling.
[[0;32m  OK  [0m] Started Load/Save Random Seed.
[[0;32m  OK  [0m] Started Apply Kernel Variables.
[[0;32m  OK  [0m] Started Create Static Device Nodes in /dev.
[[0;32m  OK  [0m] Started udev Coldplug all Devices.
[[0;32m  OK  [0m] Started Flush Journal to Persistent Storage.
         Starting udev Kernel Device Manager...
[[0;32m  OK  [0m] Started udev Kernel Device Manager.
[[0;32m  OK  [0m] Started Dispatch Password Requests to Console Directory Watch.
[[0;32m  OK  [0m] Reached target Local File Systems (Pre).
[[0;32m  OK  [0m] Reached target Local File Systems.
         Starting Initial cloud-init job (pre-networking)...
         Starting Create Volatile Files and Directories...
         Starting Set console font and keymap...
         Starting LSB: AppArmor initialization...
[   40.267624] cloud-init[546]: Cloud-init v. 18.2 running 'init-local' at Wed, 27 Jun 2018 06:58:54 +0000. Up 39.88 seconds.
         Starting Tell Plymouth To Write Out Runtime Data...
[[0;32m  OK  [0m] Started Create Volatile Files and Directories.
[[0;32m  OK  [0m] Started Set console font and keymap.
[[0;32m  OK  [0m] Started Tell Plymouth To Write Out Runtime Data.
[[0;32m  OK  [0m] Started Initial cloud-init job (pre-networking).
[[0;32m  OK  [0m] Found device /dev/ttyS0.
[[0;32m  OK  [0m] Listening on Load/Save RF Kill Switch Status /dev/rfkill Watch.
[[0;32m  OK  [0m] Reached target Network (Pre).
[[0;32m  OK  [0m] Created slice system-getty.slice.
         Starting Update UTMP about System Boot/Shutdown...
[[0;32m  OK  [0m] Started LSB: AppArmor initialization.
         Starting Raise network interfaces...
[[0;32m  OK  [0m] Started ifup for enp0s3.
[[0;32m  OK  [0m] Started Update UTMP about System Boot/Shutdown.
[[0;32m  OK  [0m] Started Raise network interfaces.
         Starting Initial cloud-init job (metadata service crawler)...
[[0;32m  OK  [0m] Reached target Network.
[   43.003724] cloud-init[985]: Cloud-init v. 18.2 running 'init' at Wed, 27 Jun 2018 06:58:56 +0000. Up 42.56 seconds.
[   43.142056] cloud-init[985]: ci-info: +++++++++++++++++++++++++++++++++++++Net device info++++++++++++++++++++++++++++++++++++++
[[0;32m  OK  [0m] Started Initial cloud-init job (metadata service crawler).
[   43.285857] cloud-init[985]: ci-info: +--------+------+----------------------------+---------------+-------+-------------------+
[   43.541775] cloud-init[985]: ci-info: | Device |  Up  |          Address           |      Mask     | Scope |     Hw-Address    |
[   43.680846] cloud-init[985]: ci-info: +--------+------+----------------------------+---------------+-------+-------------------+
[   43.825075] cloud-init[985]: ci-info: | enp0s3 | True |         10.0.2.15          | 255.255.255.0 |   .   | 02:dd:f6:ca:b5:3d |
[   43.969363] cloud-init[985]: ci-info: | enp0s3 | True | fe80::dd:f6ff:feca:b53d/64 |       .       |  link | 02:dd:f6:ca:b5:3d |
[[0;32m  OK  [0m] Reached target System Initialization.
[   44.118740] cloud-init[985]: ci-info: |   lo   | True |         127.0.0.1          |   255.0.0.0   |   .   |         .         |
[   44.369277] cloud-init[985]: ci-info: |   lo   | True |          ::1/128           |       .       |  host |         .         |
[   44.524836] cloud-init[985]: ci-info: +--------+------+----------------------------+---------------+-------+-------------------+
[[0;32m  OK  [0m] Started Daily apt download activities.
[[0;32m  OK  [0m] Listening on D-Bus System Message Bus Socket.
[[0;32m  OK  [0m] Started Daily apt upgrade and clean activities.
[[0;32m  OK  [0m] Listening on UUID daemon activation socket.
         Starting Socket activation for snappy daemon.
[   44.670688] cloud-init[985]: ci-info: +++++++++++++++++++++++++++Route IPv4 info++++++++++++++++++++++++++++
[   45.125189] [cloud-init[0;32m  OK  [0m[985]: ] ci-info: +-------+-------------+----------+---------------+-----------+-------+Listening on ACPID Listen Socket.

[   45.126167]          cloud-initStarting LXD - unix socket.[985]: 
ci-info: | Route | Destination | Gateway  |    Genmask    | Interface | Flags |
[   45.485797] [cloud-init[0;32m  OK  [0m[985]: ] ci-info: +-------+-------------+----------+---------------+-----------+-------+Started Daily Cleanup of Temporary Directories.

[   45.487853] [cloud-init[0;32m  OK  [0m[985]: ] ci-info: |   0   |   0.0.0.0   | 10.0.2.2 |    0.0.0.0    |   enp0s3  |   UG  |Reached target Timers.

[   45.687085] cloud-init[985]: ci-info: |   1   |   10.0.2.0  | 0.0.0.0  | 255.255.255.0 |   enp0s3  |   U   |
[   45.980990] [cloud-init[0;32m  OK  [0m[985]: ] ci-info: +-------+-------------+----------+---------------+-----------+-------+Started ACPI Events Check.

[[0;32m  OK  [0m] Reached target Paths.
[[0;32m  OK  [0m] Reached target Network is Online.
         Starting iSCSI initiator daemon (iscsid)...
[[0;32m  OK  [0m] Reached target Cloud-config availability.
[[0;32m  OK  [0m] Listening on Socket activation for snappy daemon.
[[0;32m  OK  [0m] Listening on LXD - unix socket.
[[0;32m  OK  [0m] Started iSCSI initiator daemon (iscsid).
         Starting Login to default iSCSI targets...
[[0;32m  OK  [0m] Reached target Sockets.
[[0;32m  OK  [0m] Reached target Basic System.
         Starting System Logging Service...
         Starting Virtualbox guest utils...
         Starting LXD - container startup/shutdown...
         Starting OpenBSD Secure Shell server...
[[0;32m  OK  [0m] Started Deferred execution scheduler.
         Starting Accounts Service...
         Starting LSB: Record successful boot for GRUB...
         Starting Login Service...
         Starting LSB: MD monitoring daemon...
[[0;32m  OK  [0m] Started Regular background program processing daemon.
[[0;32m  OK  [0m] Started D-Bus System Message Bus.
[[0;32m  OK  [0m] Started ACPI event daemon.
         Starting Apply the settings specified in cloud-config...
[[0;32m  OK  [0m] Started FUSE filesystem for LXC.
[[0;32m  OK  [0m] Started Unattended Upgrades Shutdown.
         Starting Snappy daemon...
         Starting /etc/rc.local Compatibility...
[[0;32m  OK  [0m] Started System Logging Service.
[[0;32m  OK  [0m] Started OpenBSD Secure Shell server.
[[0;32m  OK  [0m] Started Snappy daemon.
[[0;32m  OK  [0m] Started LXD - container startup/shutdown.
[[0;32m  OK  [0m] Started /etc/rc.local Compatibility.
[   48.856985] cloud-init[1090]: Cloud-init v. 18.2 running 'modules:config' at Wed, 27 Jun 2018 06:59:02 +0000. Up 48.54 seconds.
[[0;32m  OK  [0m] Started LSB: Record successful boot for GRUB.
[[0;32m  OK  [0m] Started Virtualbox guest utils.
[[0;32m  OK  [0m] Started Apply the settings specified in cloud-config.
[[0;32m  OK  [0m] Started Login to default iSCSI targets.
[[0;32m  OK  [0m] Started LSB: MD monitoring daemon.
[[0;32m  OK  [0m] Started Login Service.
         Starting Authenticate and Authorize Users to Run Privileged Tasks...
[[0;32m  OK  [0m] Reached target Remote File Systems (Pre).
[[0;32m  OK  [0m] Reached target Remote File Systems.
         Starting LSB: daemon to balance interrupts for SMP systems...
         Starting LSB: automatic crash report generation...
         Starting LSB: Set the CPU Frequency Scaling governor to "ondemand"...
         Starting Permit User Sessions...
         Starting Wait until snapd is fully seeded...
[[0;32m  OK  [0m] Started Permit User Sessions.
[[0;32m  OK  [0m] Started Wait until snapd is fully seeded.
[[0;32m  OK  [0m] Started Authenticate and Authorize Users to Run Privileged Tasks.
[[0;32m  OK  [0m] Started Accounts Service.
[[0;32m  OK  [0m] Started LSB: Set the CPU Frequency Scaling governor to "ondemand".
[[0;32m  OK  [0m] Started LSB: daemon to balance interrupts for SMP systems.
[[0;32m  OK  [0m] Started LSB: automatic crash report generation.
         Starting Terminate Plymouth Boot Screen...
         Starting Hold until boot process finishes up...
[[0;32m  OK  [0m] Started Terminate Plymouth Boot Screen.
[[0;32m  OK  [0m] Started Hold until boot process finishes up.
[[0;32m  OK  [0m] Started Getty on tty1.
         Starting Set console scheme...
[[0;32m  OK  [0m] Started Serial Getty on ttyS0.
[[0;32m  OK  [0m] Reached target Login Prompts.
[[0;32m  OK  [0m] Reached target Multi-User System.
         Starting Execute cloud user/final scripts...
[[0;32m  OK  [0m] Reached target Graphical Interface.
         Starting Update UTMP about System Runlevel Changes...
[[0;32m  OK  [0m] Started Set console scheme.
[[0;32m  OK  [0m] Started Update UTMP about System Runlevel Changes.
[   51.943461] cloud-init[1222]: Cloud-init v. 18.2 running 'modules:final' at Wed, 27 Jun 2018 06:59:06 +0000. Up 51.68 seconds.
[   52.096612] cloud-init[1222]: Cloud-init v. 18.2 finished at Wed, 27 Jun 2018 06:59:06 +0000. Datasource DataSourceNoCloud [seed=/dev/sdb][dsmode=net].  Up 51.93 seconds
[[0;32m  OK  [0m] Started Execute cloud user/final scripts.
[[0;32m  OK  [0m] Reached target Cloud-init target.

Ubuntu 16.04.4 LTS ubuntu-xenial ttyS0

ubuntu-xenial login: 